
*** Running vivado
    with args -log UART_LED_Subsystem_led_ctl_0_0.vds -m64 -product Vivado -mode batch -messageDb vivado.pb -notrace -source UART_LED_Subsystem_led_ctl_0_0.tcl



****** Vivado v2021.2 (64-bit)
  **** SW Build 3367213 on Tue Oct 19 02:48:09 MDT 2021
  **** IP Build 3369179 on Thu Oct 21 08:25:16 MDT 2021
    ** Copyright 1986-2021 Xilinx, Inc. All Rights Reserved.

source UART_LED_Subsystem_led_ctl_0_0.tcl -notrace
create_project: Time (s): cpu = 00:00:07 ; elapsed = 00:00:32 . Memory (MB): peak = 1407.809 ; gain = 0.000
INFO: [IP_Flow 19-234] Refreshing IP repositories
INFO: [IP_Flow 19-1700] Loaded user IP repository 'c:/ECE520/Lab7/Part1/IP_Integrator/IP_Integrator/lab/KCU105/verilog'.
WARNING: [IP_Flow 19-3656] If you move the project, the path for repository 'c:/ECE520/Lab7/Part1/IP_Integrator/IP_Integrator/lab/KCU105/verilog' may become invalid. A better location for the repository would be in a path adjacent to the project. (Current project location is 'c:/ECE520/Lab7/Part1/IP_Integrator/IP_Integrator/lab/KCU105/verilog/UART_LED_Subsystem.runs/UART_LED_Subsystem_led_ctl_0_0_synth_1'.)
INFO: [IP_Flow 19-2313] Loaded Vivado IP repository 'C:/Xilinx/Vivado/2021.2/data/ip'.
update_ip_catalog: Time (s): cpu = 00:00:00 ; elapsed = 00:00:05 . Memory (MB): peak = 1407.809 ; gain = 0.000
WARNING: [IP_Flow 19-4995] The host OS only allows 260 characters in a normal path. The IP cache path is more than 80 characters. If you experience issues with IP caching, please consider changing the IP cache to a location with a shorter path. Alternately consider using the OS subst command to map part of the path to a drive letter. 
Current IP cache path is c:/ECE520/Lab7/Part1/IP_Integrator/IP_Integrator/lab/KCU105/verilog/UART_LED_Subsystem.cache/ip 
Command: synth_design -top UART_LED_Subsystem_led_ctl_0_0 -part xcku040-ffva1156-2-e -mode out_of_context
Starting synth_design
Attempting to get a license for feature 'Synthesis' and/or device 'xcku040'
INFO: [Common 17-349] Got license for feature 'Synthesis' and/or device 'xcku040'
INFO: [Synth 8-7079] Multithreading enabled for synth_design using a maximum of 2 processes.
INFO: [Synth 8-7078] Launching helper process for spawning children vivado processes
INFO: [Synth 8-7075] Helper process launched with PID 66540
---------------------------------------------------------------------------------
Starting Synthesize : Time (s): cpu = 00:00:07 ; elapsed = 00:00:38 . Memory (MB): peak = 1407.809 ; gain = 0.000
---------------------------------------------------------------------------------
INFO: [Synth 8-6157] synthesizing module 'UART_LED_Subsystem_led_ctl_0_0' [c:/ECE520/Lab7/Part1/IP_Integrator/IP_Integrator/lab/KCU105/verilog/UART_LED_Subsystem.gen/sources_1/bd/UART_LED_Subsystem/ip/UART_LED_Subsystem_led_ctl_0_0/synth/UART_LED_Subsystem_led_ctl_0_0.v:58]
INFO: [Synth 8-6157] synthesizing module 'led_ctl' [c:/ECE520/Lab7/Part1/IP_Integrator/IP_Integrator/lab/KCU105/verilog/UART_LED_Subsystem.gen/sources_1/bd/UART_LED_Subsystem/ipshared/7daa/src/led_ctl.v:27]
INFO: [Synth 8-6155] done synthesizing module 'led_ctl' (1#1) [c:/ECE520/Lab7/Part1/IP_Integrator/IP_Integrator/lab/KCU105/verilog/UART_LED_Subsystem.gen/sources_1/bd/UART_LED_Subsystem/ipshared/7daa/src/led_ctl.v:27]
INFO: [Synth 8-6155] done synthesizing module 'UART_LED_Subsystem_led_ctl_0_0' (2#1) [c:/ECE520/Lab7/Part1/IP_Integrator/IP_Integrator/lab/KCU105/verilog/UART_LED_Subsystem.gen/sources_1/bd/UART_LED_Subsystem/ip/UART_LED_Subsystem_led_ctl_0_0/synth/UART_LED_Subsystem_led_ctl_0_0.v:58]
---------------------------------------------------------------------------------
Finished Synthesize : Time (s): cpu = 00:00:09 ; elapsed = 00:01:08 . Memory (MB): peak = 1407.809 ; gain = 0.000
---------------------------------------------------------------------------------
---------------------------------------------------------------------------------
Finished Constraint Validation : Time (s): cpu = 00:00:10 ; elapsed = 00:01:12 . Memory (MB): peak = 1407.809 ; gain = 0.000
---------------------------------------------------------------------------------
---------------------------------------------------------------------------------
Start Loading Part and Timing Information
---------------------------------------------------------------------------------
Loading part: xcku040-ffva1156-2-e
INFO: [Synth 8-6742] Reading net delay rules and data
INFO: [Device 21-403] Loading part xcku040-ffva1156-2-e
---------------------------------------------------------------------------------
Finished Loading Part and Timing Information : Time (s): cpu = 00:00:10 ; elapsed = 00:01:13 . Memory (MB): peak = 1407.809 ; gain = 0.000
---------------------------------------------------------------------------------
---------------------------------------------------------------------------------
Finished RTL Optimization Phase 2 : Time (s): cpu = 00:00:10 ; elapsed = 00:01:21 . Memory (MB): peak = 1407.809 ; gain = 0.000
---------------------------------------------------------------------------------
No constraint files found.
---------------------------------------------------------------------------------
Start RTL Component Statistics 
---------------------------------------------------------------------------------
Detailed RTL Component Info : 
+---Registers : 
	                8 Bit    Registers := 2     
	                1 Bit    Registers := 1     
+---Muxes : 
	   2 Input    8 Bit        Muxes := 1     
---------------------------------------------------------------------------------
Finished RTL Component Statistics 
---------------------------------------------------------------------------------
---------------------------------------------------------------------------------
Start Part Resource Summary
---------------------------------------------------------------------------------
Part Resources:
DSPs: 1920 (col length:120)
BRAMs: 1200 (col length: RAMB18 120 RAMB36 60)
---------------------------------------------------------------------------------
Finished Part Resource Summary
---------------------------------------------------------------------------------
No constraint files found.
---------------------------------------------------------------------------------
Start Cross Boundary and Area Optimization
---------------------------------------------------------------------------------
WARNING: [Synth 8-7080] Parallel synthesis criteria is not met
---------------------------------------------------------------------------------
Finished Cross Boundary and Area Optimization : Time (s): cpu = 00:00:18 ; elapsed = 00:04:31 . Memory (MB): peak = 1530.543 ; gain = 122.734
---------------------------------------------------------------------------------
No constraint files found.
---------------------------------------------------------------------------------
Start Timing Optimization
---------------------------------------------------------------------------------
---------------------------------------------------------------------------------
Finished Timing Optimization : Time (s): cpu = 00:00:19 ; elapsed = 00:04:32 . Memory (MB): peak = 1535.371 ; gain = 127.562
---------------------------------------------------------------------------------
---------------------------------------------------------------------------------
Start Technology Mapping
---------------------------------------------------------------------------------
---------------------------------------------------------------------------------
Finished Technology Mapping : Time (s): cpu = 00:00:19 ; elapsed = 00:04:32 . Memory (MB): peak = 1535.570 ; gain = 127.762
---------------------------------------------------------------------------------
---------------------------------------------------------------------------------
Start IO Insertion
---------------------------------------------------------------------------------
---------------------------------------------------------------------------------
Start Flattening Before IO Insertion
---------------------------------------------------------------------------------
---------------------------------------------------------------------------------
Finished Flattening Before IO Insertion
---------------------------------------------------------------------------------
---------------------------------------------------------------------------------
Start Final Netlist Cleanup
---------------------------------------------------------------------------------
---------------------------------------------------------------------------------
Finished Final Netlist Cleanup
---------------------------------------------------------------------------------
---------------------------------------------------------------------------------
Finished IO Insertion : Time (s): cpu = 00:00:26 ; elapsed = 00:04:47 . Memory (MB): peak = 1536.406 ; gain = 128.598
---------------------------------------------------------------------------------
---------------------------------------------------------------------------------
Start Renaming Generated Instances
---------------------------------------------------------------------------------
---------------------------------------------------------------------------------
Finished Renaming Generated Instances : Time (s): cpu = 00:00:26 ; elapsed = 00:04:47 . Memory (MB): peak = 1536.406 ; gain = 128.598
---------------------------------------------------------------------------------
---------------------------------------------------------------------------------
Start Rebuilding User Hierarchy
---------------------------------------------------------------------------------
---------------------------------------------------------------------------------
Finished Rebuilding User Hierarchy : Time (s): cpu = 00:00:26 ; elapsed = 00:04:47 . Memory (MB): peak = 1536.406 ; gain = 128.598
---------------------------------------------------------------------------------
---------------------------------------------------------------------------------
Start Renaming Generated Ports
---------------------------------------------------------------------------------
---------------------------------------------------------------------------------
Finished Renaming Generated Ports : Time (s): cpu = 00:00:26 ; elapsed = 00:04:47 . Memory (MB): peak = 1536.406 ; gain = 128.598
---------------------------------------------------------------------------------
---------------------------------------------------------------------------------
Start Handling Custom Attributes
---------------------------------------------------------------------------------
---------------------------------------------------------------------------------
Finished Handling Custom Attributes : Time (s): cpu = 00:00:26 ; elapsed = 00:04:47 . Memory (MB): peak = 1536.406 ; gain = 128.598
---------------------------------------------------------------------------------
---------------------------------------------------------------------------------
Start Renaming Generated Nets
---------------------------------------------------------------------------------
---------------------------------------------------------------------------------
Finished Renaming Generated Nets : Time (s): cpu = 00:00:26 ; elapsed = 00:04:47 . Memory (MB): peak = 1536.406 ; gain = 128.598
---------------------------------------------------------------------------------
---------------------------------------------------------------------------------
Start Writing Synthesis Report
---------------------------------------------------------------------------------

Report BlackBoxes: 
+-+--------------+----------+
| |BlackBox name |Instances |
+-+--------------+----------+
+-+--------------+----------+

Report Cell Usage: 
+------+-----+------+
|      |Cell |Count |
+------+-----+------+
|1     |LUT2 |     1|
|2     |LUT3 |     8|
|3     |FDRE |    17|
+------+-----+------+

Report Instance Areas: 
+------+---------+--------+------+
|      |Instance |Module  |Cells |
+------+---------+--------+------+
|1     |top      |        |    26|
|2     |  inst   |led_ctl |    26|
+------+---------+--------+------+
---------------------------------------------------------------------------------
Finished Writing Synthesis Report : Time (s): cpu = 00:00:26 ; elapsed = 00:04:47 . Memory (MB): peak = 1536.406 ; gain = 128.598
---------------------------------------------------------------------------------
Synthesis finished with 0 errors, 0 critical warnings and 1 warnings.
Synthesis Optimization Runtime : Time (s): cpu = 00:00:26 ; elapsed = 00:04:48 . Memory (MB): peak = 1536.406 ; gain = 128.598
Synthesis Optimization Complete : Time (s): cpu = 00:00:26 ; elapsed = 00:04:48 . Memory (MB): peak = 1536.406 ; gain = 128.598
INFO: [Project 1-571] Translating synthesized netlist
Netlist sorting complete. Time (s): cpu = 00:00:00 ; elapsed = 00:00:00.001 . Memory (MB): peak = 1548.586 ; gain = 0.000
INFO: [Project 1-570] Preparing netlist for logic optimization
INFO: [Opt 31-138] Pushed 0 inverter(s) to 0 load pin(s).
Netlist sorting complete. Time (s): cpu = 00:00:00 ; elapsed = 00:00:00 . Memory (MB): peak = 1611.750 ; gain = 0.000
INFO: [Project 1-111] Unisim Transformation Summary:
No Unisim elements were transformed.

Synth Design complete, checksum: 31b18167
INFO: [Common 17-83] Releasing license: Synthesis
18 Infos, 3 Warnings, 0 Critical Warnings and 0 Errors encountered.
synth_design completed successfully
synth_design: Time (s): cpu = 00:00:28 ; elapsed = 00:05:17 . Memory (MB): peak = 1611.750 ; gain = 203.941
INFO: [Timing 38-35] Done setting XDC timing constraints.
INFO: [Common 17-1381] The checkpoint 'C:/ECE520/Lab7/Part1/IP_Integrator/IP_Integrator/lab/KCU105/verilog/UART_LED_Subsystem.runs/UART_LED_Subsystem_led_ctl_0_0_synth_1/UART_LED_Subsystem_led_ctl_0_0.dcp' has been generated.
write_checkpoint: Time (s): cpu = 00:00:04 ; elapsed = 00:00:26 . Memory (MB): peak = 1646.938 ; gain = 35.188
INFO: [Coretcl 2-1648] Added synthesis output to IP cache for IP UART_LED_Subsystem_led_ctl_0_0, cache-ID = 47e553dd78617928
INFO: [Common 17-1381] The checkpoint 'C:/ECE520/Lab7/Part1/IP_Integrator/IP_Integrator/lab/KCU105/verilog/UART_LED_Subsystem.runs/UART_LED_Subsystem_led_ctl_0_0_synth_1/UART_LED_Subsystem_led_ctl_0_0.dcp' has been generated.
INFO: [runtcl-4] Executing : report_utilization -file UART_LED_Subsystem_led_ctl_0_0_utilization_synth.rpt -pb UART_LED_Subsystem_led_ctl_0_0_utilization_synth.pb
INFO: [Common 17-206] Exiting Vivado at Thu Apr  7 19:51:29 2022...
