22:53:58 INFO  : Launching XSCT server: xsct.bat -n  -interactive C:\ECE520\Lab7\Part3\temp_xsdb_launch_script.tcl
22:54:10 INFO  : Platform repository initialization has completed.
22:54:11 INFO  : XSCT server has started successfully.
22:54:11 INFO  : plnx-install-location is set to ''
22:54:11 INFO  : Successfully done setting XSCT server connection channel  
22:54:12 INFO  : Registering command handlers for Vitis TCF services
22:54:23 INFO  : Successfully done query RDI_DATADIR 
22:54:23 INFO  : Successfully done setting workspace for the tool. 
22:56:12 INFO  : Result from executing command 'getProjects': design_1_wrapper
22:56:12 INFO  : Result from executing command 'getPlatforms': 
22:56:13 WARN  : An unexpected exception occurred in the module 'platform project logging'
22:56:13 INFO  : Platform 'design_1_wrapper' is added to custom repositories.
22:56:31 INFO  : Platform 'design_1_wrapper' is added to custom repositories.
23:06:13 INFO  : Checking for BSP changes to sync application flags for project 'mult_app'...
23:06:13 INFO  : Result from executing command 'getProjects': RemoteSystemsTempFiles;design_1_wrapper;mult_app;mult_app_system
23:06:13 WARN  : Failed to closehw "C:/ECE520/Lab7/Part3/design_1_wrapper/export/design_1_wrapper/hw/design_1_wrapper.xsa"
Reason: C:/ECE520/Lab7/Part3/design_1_wrapper/export/design_1_wrapper/hw/design_1_wrapper.xsa is not available in the current workspace
use 'getprojects' command to see list of available projects in current workspace
23:06:13 INFO  : Result from executing command 'getProjects': RemoteSystemsTempFiles;design_1_wrapper;mult_app;mult_app_system
23:06:13 ERROR : Failed to openhw "C:/ECE520/Lab7/Part3/design_1_wrapper/export/design_1_wrapper/hw/design_1_wrapper.xsa"
Reason: C:/ECE520/Lab7/Part3/design_1_wrapper/export/design_1_wrapper/hw/design_1_wrapper.xsa is not available in the current workspace
use 'getprojects' command to see list of available projects in current workspace
23:06:13 ERROR : Failed to update application flags from BSP for 'mult_app'. Reason: null
java.lang.NullPointerException
	at com.xilinx.sdx.sw.internal.SDxSwPlatform.<init>(SDxSwPlatform.java:305)
	at com.xilinx.sdx.sw.internal.SDxSwPlatform.create(SDxSwPlatform.java:214)
	at com.xilinx.sdx.sdk.core.util.SdkPlatformHelper.getSwPlatform(SdkPlatformHelper.java:61)
	at com.xilinx.sdx.sdk.core.build.SdkMakefileGenerationListener.getSwPlatform(SdkMakefileGenerationListener.java:160)
	at com.xilinx.sdx.sdk.core.build.SdkMakefileGenerationListener.syncAppFlags(SdkMakefileGenerationListener.java:78)
	at com.xilinx.sdx.sdk.core.build.SdkMakefileGenerationListener.preMakefileGeneration(SdkMakefileGenerationListener.java:48)
	at com.xilinx.sdk.managedbuilder.XilinxGnuMakefileGenerator.notifyPreMakefileGenerationListeners(XilinxGnuMakefileGenerator.java:91)
	at com.xilinx.sdk.managedbuilder.XilinxGnuMakefileGenerator.regenerateMakefiles(XilinxGnuMakefileGenerator.java:75)
	at org.eclipse.cdt.managedbuilder.internal.core.CommonBuilder.performMakefileGeneration(CommonBuilder.java:1006)
	at org.eclipse.cdt.managedbuilder.internal.core.CommonBuilder.performPrebuildGeneration(CommonBuilder.java:873)
	at org.eclipse.cdt.managedbuilder.internal.core.CommonBuilder.build(CommonBuilder.java:748)
	at org.eclipse.cdt.managedbuilder.internal.core.CommonBuilder.build(CommonBuilder.java:513)
	at org.eclipse.cdt.managedbuilder.internal.core.CommonBuilder.build(CommonBuilder.java:459)
	at org.eclipse.core.internal.events.BuildManager$2.run(BuildManager.java:832)
	at org.eclipse.core.runtime.SafeRunner.run(SafeRunner.java:45)
	at org.eclipse.core.internal.events.BuildManager.basicBuild(BuildManager.java:220)
	at org.eclipse.core.internal.events.BuildManager.basicBuild(BuildManager.java:263)
	at org.eclipse.core.internal.events.BuildManager$1.run(BuildManager.java:316)
	at org.eclipse.core.runtime.SafeRunner.run(SafeRunner.java:45)
	at org.eclipse.core.internal.events.BuildManager.basicBuild(BuildManager.java:319)
	at org.eclipse.core.internal.events.BuildManager.basicBuildLoop(BuildManager.java:371)
	at org.eclipse.core.internal.events.BuildManager.build(BuildManager.java:392)
	at org.eclipse.core.internal.resources.Workspace.buildInternal(Workspace.java:515)
	at org.eclipse.core.internal.resources.Workspace.build(Workspace.java:412)
	at org.eclipse.ui.actions.BuildAction$1.runInWorkspace(BuildAction.java:291)
	at org.eclipse.core.internal.resources.InternalWorkspaceJob.run(InternalWorkspaceJob.java:42)
	at org.eclipse.core.internal.jobs.Worker.run(Worker.java:63)
23:06:17 ERROR : Failed to compute checksum of hardware specification file used by project 'mult_app'
23:06:17 INFO  : Result from executing command 'getProjects': RemoteSystemsTempFiles;design_1_wrapper;mult_app;mult_app_system
23:06:17 ERROR : Failed to openhw "C:/ECE520/Lab7/Part3/design_1_wrapper/export/design_1_wrapper/hw/design_1_wrapper.xsa"
Reason: C:/ECE520/Lab7/Part3/design_1_wrapper/export/design_1_wrapper/hw/design_1_wrapper.xsa is not available in the current workspace
use 'getprojects' command to see list of available projects in current workspace
23:06:17 INFO  : Result from executing command 'getProjects': RemoteSystemsTempFiles;design_1_wrapper;mult_app;mult_app_system
23:06:17 ERROR : Failed to openhw "C:/ECE520/Lab7/Part3/design_1_wrapper/export/design_1_wrapper/hw/design_1_wrapper.xsa"
Reason: C:/ECE520/Lab7/Part3/design_1_wrapper/export/design_1_wrapper/hw/design_1_wrapper.xsa is not available in the current workspace
use 'getprojects' command to see list of available projects in current workspace
23:06:17 INFO  : Result from executing command 'getProjects': RemoteSystemsTempFiles;design_1_wrapper;mult_app;mult_app_system
23:06:17 ERROR : Failed to openhw "C:/ECE520/Lab7/Part3/design_1_wrapper/export/design_1_wrapper/hw/design_1_wrapper.xsa"
Reason: C:/ECE520/Lab7/Part3/design_1_wrapper/export/design_1_wrapper/hw/design_1_wrapper.xsa is not available in the current workspace
use 'getprojects' command to see list of available projects in current workspace
18:18:12 INFO  : Checking for BSP changes to sync application flags for project 'mult_app'...
18:18:12 INFO  : Result from executing command 'getProjects': RemoteSystemsTempFiles;design_1_wrapper;mult_app;mult_app_system
18:18:12 ERROR : Failed to openhw "C:/ECE520/Lab7/Part3/design_1_wrapper/export/design_1_wrapper/hw/design_1_wrapper.xsa"
Reason: C:/ECE520/Lab7/Part3/design_1_wrapper/export/design_1_wrapper/hw/design_1_wrapper.xsa is not available in the current workspace
use 'getprojects' command to see list of available projects in current workspace
18:18:12 ERROR : Failed to update application flags from BSP for 'mult_app'. Reason: null
java.lang.NullPointerException
	at com.xilinx.sdx.sw.internal.SDxSwPlatform.<init>(SDxSwPlatform.java:305)
	at com.xilinx.sdx.sw.internal.SDxSwPlatform.create(SDxSwPlatform.java:214)
	at com.xilinx.sdx.sdk.core.util.SdkPlatformHelper.getSwPlatform(SdkPlatformHelper.java:61)
	at com.xilinx.sdx.sdk.core.build.SdkMakefileGenerationListener.getSwPlatform(SdkMakefileGenerationListener.java:160)
	at com.xilinx.sdx.sdk.core.build.SdkMakefileGenerationListener.syncAppFlags(SdkMakefileGenerationListener.java:78)
	at com.xilinx.sdx.sdk.core.build.SdkMakefileGenerationListener.preMakefileGeneration(SdkMakefileGenerationListener.java:48)
	at com.xilinx.sdk.managedbuilder.XilinxGnuMakefileGenerator.notifyPreMakefileGenerationListeners(XilinxGnuMakefileGenerator.java:91)
	at com.xilinx.sdk.managedbuilder.XilinxGnuMakefileGenerator.generateMakefiles(XilinxGnuMakefileGenerator.java:40)
	at org.eclipse.cdt.managedbuilder.internal.core.CommonBuilder.performMakefileGeneration(CommonBuilder.java:1008)
	at org.eclipse.cdt.managedbuilder.internal.core.CommonBuilder.performPrebuildGeneration(CommonBuilder.java:873)
	at org.eclipse.cdt.managedbuilder.internal.core.CommonBuilder.build(CommonBuilder.java:748)
	at org.eclipse.cdt.managedbuilder.internal.core.CommonBuilder.build(CommonBuilder.java:510)
	at org.eclipse.cdt.managedbuilder.internal.core.CommonBuilder.build(CommonBuilder.java:459)
	at org.eclipse.core.internal.events.BuildManager$2.run(BuildManager.java:832)
	at org.eclipse.core.runtime.SafeRunner.run(SafeRunner.java:45)
	at org.eclipse.core.internal.events.BuildManager.basicBuild(BuildManager.java:220)
	at org.eclipse.core.internal.events.BuildManager.basicBuild(BuildManager.java:263)
	at org.eclipse.core.internal.events.BuildManager$1.run(BuildManager.java:316)
	at org.eclipse.core.runtime.SafeRunner.run(SafeRunner.java:45)
	at org.eclipse.core.internal.events.BuildManager.basicBuild(BuildManager.java:319)
	at org.eclipse.core.internal.events.BuildManager.basicBuildLoop(BuildManager.java:371)
	at org.eclipse.core.internal.events.BuildManager.build(BuildManager.java:392)
	at org.eclipse.core.internal.resources.Workspace.buildInternal(Workspace.java:515)
	at org.eclipse.core.internal.resources.Workspace.build(Workspace.java:412)
	at org.eclipse.ui.actions.BuildAction$1.runInWorkspace(BuildAction.java:291)
	at org.eclipse.core.internal.resources.InternalWorkspaceJob.run(InternalWorkspaceJob.java:42)
	at org.eclipse.core.internal.jobs.Worker.run(Worker.java:63)
18:18:23 ERROR : Failed to compute checksum of hardware specification file used by project 'mult_app'
18:18:23 INFO  : Result from executing command 'getProjects': RemoteSystemsTempFiles;design_1_wrapper;mult_app;mult_app_system
18:18:23 ERROR : Failed to openhw "C:/ECE520/Lab7/Part3/design_1_wrapper/export/design_1_wrapper/hw/design_1_wrapper.xsa"
Reason: C:/ECE520/Lab7/Part3/design_1_wrapper/export/design_1_wrapper/hw/design_1_wrapper.xsa is not available in the current workspace
use 'getprojects' command to see list of available projects in current workspace
18:18:23 INFO  : Result from executing command 'getProjects': RemoteSystemsTempFiles;design_1_wrapper;mult_app;mult_app_system
18:18:23 ERROR : Failed to openhw "C:/ECE520/Lab7/Part3/design_1_wrapper/export/design_1_wrapper/hw/design_1_wrapper.xsa"
Reason: C:/ECE520/Lab7/Part3/design_1_wrapper/export/design_1_wrapper/hw/design_1_wrapper.xsa is not available in the current workspace
use 'getprojects' command to see list of available projects in current workspace
18:18:23 INFO  : Result from executing command 'getProjects': RemoteSystemsTempFiles;design_1_wrapper;mult_app;mult_app_system
18:18:23 ERROR : Failed to openhw "C:/ECE520/Lab7/Part3/design_1_wrapper/export/design_1_wrapper/hw/design_1_wrapper.xsa"
Reason: C:/ECE520/Lab7/Part3/design_1_wrapper/export/design_1_wrapper/hw/design_1_wrapper.xsa is not available in the current workspace
use 'getprojects' command to see list of available projects in current workspace
18:20:43 INFO  : Checking for BSP changes to sync application flags for project 'mult_app'...
18:20:43 INFO  : Result from executing command 'getProjects': RemoteSystemsTempFiles;design_1_wrapper;mult_app;mult_app_system
18:20:43 ERROR : Failed to openhw "C:/ECE520/Lab7/Part3/design_1_wrapper/export/design_1_wrapper/hw/design_1_wrapper.xsa"
Reason: C:/ECE520/Lab7/Part3/design_1_wrapper/export/design_1_wrapper/hw/design_1_wrapper.xsa is not available in the current workspace
use 'getprojects' command to see list of available projects in current workspace
18:20:43 ERROR : Failed to update application flags from BSP for 'mult_app'. Reason: null
java.lang.NullPointerException
	at com.xilinx.sdx.sw.internal.SDxSwPlatform.<init>(SDxSwPlatform.java:305)
	at com.xilinx.sdx.sw.internal.SDxSwPlatform.create(SDxSwPlatform.java:214)
	at com.xilinx.sdx.sdk.core.util.SdkPlatformHelper.getSwPlatform(SdkPlatformHelper.java:61)
	at com.xilinx.sdx.sdk.core.build.SdkMakefileGenerationListener.getSwPlatform(SdkMakefileGenerationListener.java:160)
	at com.xilinx.sdx.sdk.core.build.SdkMakefileGenerationListener.syncAppFlags(SdkMakefileGenerationListener.java:78)
	at com.xilinx.sdx.sdk.core.build.SdkMakefileGenerationListener.preMakefileGeneration(SdkMakefileGenerationListener.java:48)
	at com.xilinx.sdk.managedbuilder.XilinxGnuMakefileGenerator.notifyPreMakefileGenerationListeners(XilinxGnuMakefileGenerator.java:91)
	at com.xilinx.sdk.managedbuilder.XilinxGnuMakefileGenerator.generateMakefiles(XilinxGnuMakefileGenerator.java:40)
	at org.eclipse.cdt.managedbuilder.internal.core.CommonBuilder.performMakefileGeneration(CommonBuilder.java:1008)
	at org.eclipse.cdt.managedbuilder.internal.core.CommonBuilder.performPrebuildGeneration(CommonBuilder.java:873)
	at org.eclipse.cdt.managedbuilder.internal.core.CommonBuilder.build(CommonBuilder.java:748)
	at org.eclipse.cdt.managedbuilder.internal.core.CommonBuilder.build(CommonBuilder.java:510)
	at org.eclipse.cdt.managedbuilder.internal.core.CommonBuilder.build(CommonBuilder.java:459)
	at org.eclipse.core.internal.events.BuildManager$2.run(BuildManager.java:832)
	at org.eclipse.core.runtime.SafeRunner.run(SafeRunner.java:45)
	at org.eclipse.core.internal.events.BuildManager.basicBuild(BuildManager.java:220)
	at org.eclipse.core.internal.events.BuildManager.basicBuild(BuildManager.java:263)
	at org.eclipse.core.internal.events.BuildManager$1.run(BuildManager.java:316)
	at org.eclipse.core.runtime.SafeRunner.run(SafeRunner.java:45)
	at org.eclipse.core.internal.events.BuildManager.basicBuild(BuildManager.java:319)
	at org.eclipse.core.internal.events.BuildManager.basicBuildLoop(BuildManager.java:371)
	at org.eclipse.core.internal.events.BuildManager.build(BuildManager.java:392)
	at org.eclipse.core.internal.resources.Workspace.buildInternal(Workspace.java:515)
	at org.eclipse.core.internal.resources.Workspace.build(Workspace.java:412)
	at org.eclipse.ui.actions.BuildAction$1.runInWorkspace(BuildAction.java:291)
	at org.eclipse.core.internal.resources.InternalWorkspaceJob.run(InternalWorkspaceJob.java:42)
	at org.eclipse.core.internal.jobs.Worker.run(Worker.java:63)
18:20:46 ERROR : Failed to compute checksum of hardware specification file used by project 'mult_app'
18:20:46 INFO  : Result from executing command 'getProjects': RemoteSystemsTempFiles;design_1_wrapper;mult_app;mult_app_system
18:20:46 ERROR : Failed to openhw "C:/ECE520/Lab7/Part3/design_1_wrapper/export/design_1_wrapper/hw/design_1_wrapper.xsa"
Reason: C:/ECE520/Lab7/Part3/design_1_wrapper/export/design_1_wrapper/hw/design_1_wrapper.xsa is not available in the current workspace
use 'getprojects' command to see list of available projects in current workspace
18:20:46 INFO  : Result from executing command 'getProjects': RemoteSystemsTempFiles;design_1_wrapper;mult_app;mult_app_system
18:20:46 ERROR : Failed to openhw "C:/ECE520/Lab7/Part3/design_1_wrapper/export/design_1_wrapper/hw/design_1_wrapper.xsa"
Reason: C:/ECE520/Lab7/Part3/design_1_wrapper/export/design_1_wrapper/hw/design_1_wrapper.xsa is not available in the current workspace
use 'getprojects' command to see list of available projects in current workspace
18:20:47 INFO  : Result from executing command 'getProjects': RemoteSystemsTempFiles;design_1_wrapper;mult_app;mult_app_system
18:20:47 ERROR : Failed to openhw "C:/ECE520/Lab7/Part3/design_1_wrapper/export/design_1_wrapper/hw/design_1_wrapper.xsa"
Reason: C:/ECE520/Lab7/Part3/design_1_wrapper/export/design_1_wrapper/hw/design_1_wrapper.xsa is not available in the current workspace
use 'getprojects' command to see list of available projects in current workspace
18:29:26 INFO  : Result from executing command 'getProjects': design_1_wrapper
18:29:27 INFO  : Result from executing command 'getPlatforms': design_1_wrapper|C:/ECE520/Lab7/Part3/design_1_wrapper/export/design_1_wrapper/design_1_wrapper.xpfm
18:29:38 INFO  : Checking for BSP changes to sync application flags for project 'mult_app'...
18:31:28 INFO  : Checking for BSP changes to sync application flags for project 'mult_app'...
18:33:13 INFO  : Checking for BSP changes to sync application flags for project 'mult_app'...
18:33:36 INFO  : Result from executing command 'removePlatformRepo': 
18:36:25 INFO  : Result from executing command 'getProjects': design_1_wrapper
18:36:25 INFO  : Result from executing command 'getPlatforms': 
18:36:27 INFO  : Checking for BSP changes to sync application flags for project 'mult_app'...
18:37:44 INFO  : Connected to target on host '127.0.0.1' and port '3121'.
18:37:46 INFO  : Jtag cable 'Digilent Zybo Z7 210351B3FC7EA' is selected.
18:37:47 INFO  : 'jtag frequency' command is executed.
18:37:47 INFO  : Context for 'APU' is selected.
18:37:47 INFO  : System reset is completed.
18:37:50 INFO  : 'after 3000' command is executed.
18:37:51 INFO  : 'targets -set -filter {jtag_cable_name =~ "Digilent Zybo Z7 210351B3FC7EA" && level==0 && jtag_device_ctx=="jsn-Zybo Z7-210351B3FC7EA-13722093-0"}' command is executed.
18:37:53 INFO  : Device configured successfully with "C:/ECE520/Lab7/Part3/mult_app/_ide/bitstream/design_1_wrapper.bit"
18:37:54 INFO  : Context for 'APU' is selected.
18:37:54 INFO  : Hardware design and registers information is loaded from 'C:/ECE520/Lab7/Part3/design_1_wrapper/export/design_1_wrapper/hw/design_1_wrapper.xsa'.
18:37:54 INFO  : 'configparams force-mem-access 1' command is executed.
18:37:54 INFO  : Context for 'APU' is selected.
18:37:54 INFO  : Sourcing of 'C:/ECE520/Lab7/Part3/mult_app/_ide/psinit/ps7_init.tcl' is done.
18:37:58 INFO  : 'ps7_init' command is executed.
18:37:59 INFO  : 'ps7_post_config' command is executed.
18:37:59 INFO  : Context for processor 'ps7_cortexa9_0' is selected.
18:38:00 INFO  : The application 'C:/ECE520/Lab7/Part3/mult_app/Debug/mult_app.elf' is downloaded to processor 'ps7_cortexa9_0'.
18:38:01 INFO  : 'configparams force-mem-access 0' command is executed.
18:38:01 INFO  : ----------------XSDB Script----------------
connect -url tcp:127.0.0.1:3121
targets -set -nocase -filter {name =~"APU*"}
rst -system
after 3000
targets -set -filter {jtag_cable_name =~ "Digilent Zybo Z7 210351B3FC7EA" && level==0 && jtag_device_ctx=="jsn-Zybo Z7-210351B3FC7EA-13722093-0"}
fpga -file C:/ECE520/Lab7/Part3/mult_app/_ide/bitstream/design_1_wrapper.bit
targets -set -nocase -filter {name =~"APU*"}
loadhw -hw C:/ECE520/Lab7/Part3/design_1_wrapper/export/design_1_wrapper/hw/design_1_wrapper.xsa -mem-ranges [list {0x40000000 0xbfffffff}] -regs
configparams force-mem-access 1
targets -set -nocase -filter {name =~"APU*"}
source C:/ECE520/Lab7/Part3/mult_app/_ide/psinit/ps7_init.tcl
ps7_init
ps7_post_config
targets -set -nocase -filter {name =~ "*A9*#0"}
dow C:/ECE520/Lab7/Part3/mult_app/Debug/mult_app.elf
configparams force-mem-access 0
----------------End of Script----------------

18:38:01 INFO  : Context for processor 'ps7_cortexa9_0' is selected.
18:38:01 INFO  : 'con' command is executed.
18:38:01 INFO  : ----------------XSDB Script (After Launch)----------------
targets -set -nocase -filter {name =~ "*A9*#0"}
con
----------------End of Script----------------

18:38:01 INFO  : Disconnected from the channel tcfchan#8.
18:56:43 INFO  : Connected to target on host '127.0.0.1' and port '3121'.
18:56:43 INFO  : Jtag cable 'Digilent Zybo Z7 210351B3FC7EA' is selected.
18:56:43 INFO  : 'jtag frequency' command is executed.
18:56:43 INFO  : Context for 'APU' is selected.
18:56:44 INFO  : System reset is completed.
18:56:47 INFO  : 'after 3000' command is executed.
18:56:47 INFO  : 'targets -set -filter {jtag_cable_name =~ "Digilent Zybo Z7 210351B3FC7EA" && level==0 && jtag_device_ctx=="jsn-Zybo Z7-210351B3FC7EA-13722093-0"}' command is executed.
18:56:49 INFO  : Device configured successfully with "C:/ECE520/Lab7/Part3/mult_app/_ide/bitstream/design_1_wrapper.bit"
18:56:49 INFO  : Context for 'APU' is selected.
18:56:49 INFO  : Hardware design and registers information is loaded from 'C:/ECE520/Lab7/Part3/design_1_wrapper/export/design_1_wrapper/hw/design_1_wrapper.xsa'.
18:56:49 INFO  : 'configparams force-mem-access 1' command is executed.
18:56:49 INFO  : Context for 'APU' is selected.
18:56:49 INFO  : Sourcing of 'C:/ECE520/Lab7/Part3/mult_app/_ide/psinit/ps7_init.tcl' is done.
18:56:52 INFO  : 'ps7_init' command is executed.
18:56:52 INFO  : 'ps7_post_config' command is executed.
18:56:52 INFO  : Context for processor 'ps7_cortexa9_0' is selected.
18:56:53 INFO  : The application 'C:/ECE520/Lab7/Part3/mult_app/Debug/mult_app.elf' is downloaded to processor 'ps7_cortexa9_0'.
18:56:53 INFO  : 'configparams force-mem-access 0' command is executed.
18:56:53 INFO  : ----------------XSDB Script----------------
connect -url tcp:127.0.0.1:3121
targets -set -nocase -filter {name =~"APU*"}
rst -system
after 3000
targets -set -filter {jtag_cable_name =~ "Digilent Zybo Z7 210351B3FC7EA" && level==0 && jtag_device_ctx=="jsn-Zybo Z7-210351B3FC7EA-13722093-0"}
fpga -file C:/ECE520/Lab7/Part3/mult_app/_ide/bitstream/design_1_wrapper.bit
targets -set -nocase -filter {name =~"APU*"}
loadhw -hw C:/ECE520/Lab7/Part3/design_1_wrapper/export/design_1_wrapper/hw/design_1_wrapper.xsa -mem-ranges [list {0x40000000 0xbfffffff}] -regs
configparams force-mem-access 1
targets -set -nocase -filter {name =~"APU*"}
source C:/ECE520/Lab7/Part3/mult_app/_ide/psinit/ps7_init.tcl
ps7_init
ps7_post_config
targets -set -nocase -filter {name =~ "*A9*#0"}
dow C:/ECE520/Lab7/Part3/mult_app/Debug/mult_app.elf
configparams force-mem-access 0
----------------End of Script----------------

18:56:54 INFO  : Context for processor 'ps7_cortexa9_0' is selected.
18:56:54 INFO  : 'con' command is executed.
18:56:54 INFO  : ----------------XSDB Script (After Launch)----------------
targets -set -nocase -filter {name =~ "*A9*#0"}
con
----------------End of Script----------------

18:56:54 INFO  : Disconnected from the channel tcfchan#9.
