Copyright 1986-2021 Xilinx, Inc. All Rights Reserved.
-------------------------------------------------------------------------------------------------------------------------------------------------
| Tool Version : Vivado v.2021.2 (win64) Build 3367213 Tue Oct 19 02:48:09 MDT 2021
| Date         : Thu Apr  7 20:30:29 2022
| Host         : DESKTOP-RN51NCC running 64-bit major release  (build 9200)
| Command      : report_utilization -file UART_LED_Subsystem_wrapper_utilization_placed.rpt -pb UART_LED_Subsystem_wrapper_utilization_placed.pb
| Design       : UART_LED_Subsystem_wrapper
| Device       : xcku040-ffva1156-2-e
| Speed File   : -2
| Design State : Fully Placed
-------------------------------------------------------------------------------------------------------------------------------------------------

Utilization Design Information

Table of Contents
-----------------
1. CLB Logic
1.1 Summary of Registers by Type
2. CLB Logic Distribution
3. BLOCKRAM
4. ARITHMETIC
5. I/O
6. CLOCK
7. ADVANCED
8. CONFIGURATION
9. Primitives
10. Black Boxes
11. Instantiated Netlists

1. CLB Logic
------------

+-------------------------+------+-------+------------+-----------+-------+
|        Site Type        | Used | Fixed | Prohibited | Available | Util% |
+-------------------------+------+-------+------------+-----------+-------+
| CLB LUTs                |   36 |     0 |          0 |    242400 |  0.01 |
|   LUT as Logic          |   36 |     0 |          0 |    242400 |  0.01 |
|   LUT as Memory         |    0 |     0 |          0 |    112800 |  0.00 |
| CLB Registers           |   50 |     0 |          0 |    484800 |  0.01 |
|   Register as Flip Flop |   50 |     0 |          0 |    484800 |  0.01 |
|   Register as Latch     |    0 |     0 |          0 |    484800 |  0.00 |
| CARRY8                  |    0 |     0 |          0 |     30300 |  0.00 |
| F7 Muxes                |    0 |     0 |          0 |    121200 |  0.00 |
| F8 Muxes                |    0 |     0 |          0 |     60600 |  0.00 |
| F9 Muxes                |    0 |     0 |          0 |     30300 |  0.00 |
+-------------------------+------+-------+------------+-----------+-------+


1.1 Summary of Registers by Type
--------------------------------

+-------+--------------+-------------+--------------+
| Total | Clock Enable | Synchronous | Asynchronous |
+-------+--------------+-------------+--------------+
| 0     |            _ |           - |            - |
| 0     |            _ |           - |          Set |
| 0     |            _ |           - |        Reset |
| 0     |            _ |         Set |            - |
| 0     |            _ |       Reset |            - |
| 0     |          Yes |           - |            - |
| 0     |          Yes |           - |          Set |
| 0     |          Yes |           - |        Reset |
| 4     |          Yes |         Set |            - |
| 46    |          Yes |       Reset |            - |
+-------+--------------+-------------+--------------+


2. CLB Logic Distribution
-------------------------

+--------------------------------------------+------+-------+------------+-----------+-------+
|                  Site Type                 | Used | Fixed | Prohibited | Available | Util% |
+--------------------------------------------+------+-------+------------+-----------+-------+
| CLB                                        |   11 |     0 |          0 |     30300 |  0.04 |
|   CLBL                                     |    7 |     0 |            |           |       |
|   CLBM                                     |    4 |     0 |            |           |       |
| LUT as Logic                               |   36 |     0 |          0 |    242400 |  0.01 |
|   using O5 output only                     |    2 |       |            |           |       |
|   using O6 output only                     |   23 |       |            |           |       |
|   using O5 and O6                          |   11 |       |            |           |       |
| LUT as Memory                              |    0 |     0 |          0 |    112800 |  0.00 |
|   LUT as Distributed RAM                   |    0 |     0 |            |           |       |
|   LUT as Shift Register                    |    0 |     0 |            |           |       |
| CLB Registers                              |   50 |     0 |          0 |    484800 |  0.01 |
|   Register driven from within the CLB      |   33 |       |            |           |       |
|   Register driven from outside the CLB     |   17 |       |            |           |       |
|     LUT in front of the register is unused |   13 |       |            |           |       |
|     LUT in front of the register is used   |    4 |       |            |           |       |
| Unique Control Sets                        |    6 |       |          0 |     60600 | <0.01 |
+--------------------------------------------+------+-------+------------+-----------+-------+
* * Note: Available Control Sets calculated as Slices * 2, Review the Control Sets Report for more information regarding control sets.


3. BLOCKRAM
-----------

+----------------+------+-------+------------+-----------+-------+
|    Site Type   | Used | Fixed | Prohibited | Available | Util% |
+----------------+------+-------+------------+-----------+-------+
| Block RAM Tile |    0 |     0 |          0 |       600 |  0.00 |
|   RAMB36/FIFO* |    0 |     0 |          0 |       600 |  0.00 |
|   RAMB18       |    0 |     0 |          0 |      1200 |  0.00 |
+----------------+------+-------+------------+-----------+-------+
* Note: Each Block RAM Tile only has one FIFO logic available and therefore can accommodate only one FIFO36E2 or one FIFO18E2. However, if a FIFO18E2 occupies a Block RAM Tile, that tile can still accommodate a RAMB18E2


4. ARITHMETIC
-------------

+-----------+------+-------+------------+-----------+-------+
| Site Type | Used | Fixed | Prohibited | Available | Util% |
+-----------+------+-------+------------+-----------+-------+
| DSPs      |    0 |     0 |          0 |      1920 |  0.00 |
+-----------+------+-------+------------+-----------+-------+


5. I/O
------

+------------------+------+-------+------------+-----------+-------+
|     Site Type    | Used | Fixed | Prohibited | Available | Util% |
+------------------+------+-------+------------+-----------+-------+
| Bonded IOB       |   13 |    13 |          0 |       520 |  2.50 |
| HPIOB            |    2 |     2 |          0 |       416 |  0.48 |
|   INPUT          |    2 |       |            |           |       |
|   OUTPUT         |    0 |       |            |           |       |
|   BIDIR          |    0 |       |            |           |       |
| HRIO             |   11 |    11 |          0 |       104 | 10.58 |
|   INPUT          |    3 |       |            |           |       |
|   OUTPUT         |    8 |       |            |           |       |
|   BIDIR          |    0 |       |            |           |       |
| HPIOBDIFFINBUF   |    1 |     1 |          0 |       192 |  0.52 |
|   DIFFINBUF      |    1 |     1 |            |           |       |
| HPIOBDIFFOUTBUF  |    0 |     0 |          0 |       192 |  0.00 |
| HRIODIFFINBUF    |    0 |     0 |          0 |        48 |  0.00 |
| HRIODIFFOUTBUF   |    0 |     0 |          0 |        48 |  0.00 |
| BITSLICE_CONTROL |    0 |     0 |          0 |        80 |  0.00 |
| BITSLICE_RX_TX   |    0 |     0 |          0 |      3120 |  0.00 |
| BITSLICE_TX      |    0 |     0 |          0 |        80 |  0.00 |
| RIU_OR           |    0 |     0 |          0 |        40 |  0.00 |
+------------------+------+-------+------------+-----------+-------+


6. CLOCK
--------

+----------------------+------+-------+------------+-----------+-------+
|       Site Type      | Used | Fixed | Prohibited | Available | Util% |
+----------------------+------+-------+------------+-----------+-------+
| GLOBAL CLOCK BUFFERs |    1 |     0 |          0 |       480 |  0.21 |
|   BUFGCE             |    1 |     0 |          0 |       240 |  0.42 |
|   BUFGCE_DIV         |    0 |     0 |          0 |        40 |  0.00 |
|   BUFG_GT            |    0 |     0 |          0 |       120 |  0.00 |
|   BUFGCTRL*          |    0 |     0 |          0 |        80 |  0.00 |
| PLLE3_ADV            |    0 |     0 |          0 |        20 |  0.00 |
| MMCME3_ADV           |    0 |     0 |          0 |        10 |  0.00 |
+----------------------+------+-------+------------+-----------+-------+
* Note: Each used BUFGCTRL counts as two GLOBAL CLOCK BUFFERs. This table does not include global clocking resources, only buffer cell usage. See the Clock Utilization Report (report_clock_utilization) for detailed accounting of global clocking resource availability.


7. ADVANCED
-----------

+-----------------+------+-------+------------+-----------+-------+
|    Site Type    | Used | Fixed | Prohibited | Available | Util% |
+-----------------+------+-------+------------+-----------+-------+
| GTHE3_CHANNEL   |    0 |     0 |          0 |        20 |  0.00 |
| GTHE3_COMMON    |    0 |     0 |          0 |         5 |  0.00 |
| IBUFDS_GTE3     |    0 |     0 |          0 |        10 |  0.00 |
| OBUFDS_GTE3     |    0 |     0 |          0 |        10 |  0.00 |
| OBUFDS_GTE3_ADV |    0 |     0 |          0 |        10 |  0.00 |
| PCIE_3_1        |    0 |     0 |          0 |         3 |  0.00 |
| SYSMONE1        |    0 |     0 |          0 |         1 |  0.00 |
+-----------------+------+-------+------------+-----------+-------+


8. CONFIGURATION
----------------

+-------------+------+-------+------------+-----------+-------+
|  Site Type  | Used | Fixed | Prohibited | Available | Util% |
+-------------+------+-------+------------+-----------+-------+
| BSCANE2     |    0 |     0 |          0 |         4 |  0.00 |
| DNA_PORTE2  |    0 |     0 |          0 |         1 |  0.00 |
| EFUSE_USR   |    0 |     0 |          0 |         1 |  0.00 |
| FRAME_ECCE3 |    0 |     0 |          0 |         1 |  0.00 |
| ICAPE3      |    0 |     0 |          0 |         2 |  0.00 |
| MASTER_JTAG |    0 |     0 |          0 |         1 |  0.00 |
| STARTUPE3   |    0 |     0 |          0 |         1 |  0.00 |
+-------------+------+-------+------------+-----------+-------+


9. Primitives
-------------

+-----------+------+---------------------+
|  Ref Name | Used | Functional Category |
+-----------+------+---------------------+
| FDRE      |   46 |            Register |
| LUT6      |   19 |                 CLB |
| LUT3      |   13 |                 CLB |
| OBUF      |    8 |                 I/O |
| LUT4      |    7 |                 CLB |
| LUT5      |    4 |                 CLB |
| IBUFCTRL  |    4 |              Others |
| FDSE      |    4 |            Register |
| INBUF     |    3 |                 I/O |
| LUT2      |    2 |                 CLB |
| LUT1      |    2 |                 CLB |
| DIFFINBUF |    1 |                 I/O |
| BUFGCE    |    1 |               Clock |
+-----------+------+---------------------+


10. Black Boxes
---------------

+----------+------+
| Ref Name | Used |
+----------+------+


11. Instantiated Netlists
-------------------------

+--------------------------------------+------+
|               Ref Name               | Used |
+--------------------------------------+------+
| UART_LED_Subsystem_util_ds_buf_0_0   |    1 |
| UART_LED_Subsystem_uart_rx_ctl_0_0   |    1 |
| UART_LED_Subsystem_uart_baud_gen_0_0 |    1 |
| UART_LED_Subsystem_meta_harden_2_0   |    1 |
| UART_LED_Subsystem_meta_harden_1_0   |    1 |
| UART_LED_Subsystem_meta_harden_0_0   |    1 |
| UART_LED_Subsystem_led_ctl_0_0       |    1 |
+--------------------------------------+------+


