12:46:52 INFO  : Launching XSCT server: xsct -n  -interactive /home/computer/vivado/Part_4/temp_xsdb_launch_script.tcl
12:46:53 INFO  : Registering command handlers for Vitis TCF services
12:46:53 INFO  : Platform repository initialization has completed.
12:46:59 INFO  : XSCT server has started successfully.
12:47:03 INFO  : Successfully done setting XSCT server connection channel  
12:47:03 INFO  : plnx-install-location is set to ''
12:47:03 INFO  : Successfully done query RDI_DATADIR 
12:47:03 INFO  : Successfully done setting workspace for the tool. 
12:48:41 INFO  : Platform repository initialization has completed.
12:48:41 INFO  : Launching XSCT server: xsct -n  -interactive /home/computer/vivado/Part_4/temp_xsdb_launch_script.tcl
12:48:41 INFO  : Registering command handlers for Vitis TCF services
12:48:44 INFO  : XSCT server has started successfully.
12:48:44 INFO  : plnx-install-location is set to ''
12:48:44 INFO  : Successfully done setting XSCT server connection channel  
12:48:44 INFO  : Successfully done query RDI_DATADIR 
12:48:44 INFO  : Successfully done setting workspace for the tool. 
12:49:55 INFO  : Result from executing command 'getProjects': design_1_wrapper
12:49:55 INFO  : Result from executing command 'getPlatforms': 
12:49:55 WARN  : An unexpected exception occurred in the module 'platform project logging'
12:49:56 INFO  : Platform 'design_1_wrapper' is added to custom repositories.
12:50:05 INFO  : Platform 'design_1_wrapper' is added to custom repositories.
18:00:08 INFO  : Result from executing command 'getProjects': design_1_wrapper
18:00:08 INFO  : Result from executing command 'getPlatforms': design_1_wrapper|/home/computer/vivado/Part_4/design_1_wrapper/export/design_1_wrapper/design_1_wrapper.xpfm
18:02:58 INFO  : Connected to target on host '127.0.0.1' and port '3121'.
18:02:58 INFO  : 'targets -set -filter {jtag_cable_name =~ "Digilent Zybo Z7 210351B3FCEDA" && level==0 && jtag_device_ctx=="jsn-Zybo Z7-210351B3FCEDA-13722093-0"}' command is executed.
18:03:00 INFO  : Device configured successfully with "/home/computer/vivado/Part_4/LED_CON/_ide/bitstream/design_1_wrapper.bit"
18:05:12 INFO  : Connected to target on host '127.0.0.1' and port '3121'.
18:05:12 INFO  : Jtag cable 'Digilent Zybo Z7 210351B3FCEDA' is selected.
18:05:12 INFO  : 'jtag frequency' command is executed.
18:05:12 INFO  : Context for 'APU' is selected.
18:05:12 INFO  : System reset is completed.
18:05:15 INFO  : 'after 3000' command is executed.
18:05:15 INFO  : 'targets -set -filter {jtag_cable_name =~ "Digilent Zybo Z7 210351B3FCEDA" && level==0 && jtag_device_ctx=="jsn-Zybo Z7-210351B3FCEDA-13722093-0"}' command is executed.
18:05:16 INFO  : Device configured successfully with "/home/computer/vivado/Part_4/LED_CON/_ide/bitstream/design_1_wrapper.bit"
18:05:16 INFO  : Context for 'APU' is selected.
18:05:16 INFO  : Hardware design and registers information is loaded from '/home/computer/vivado/Part_4/design_1_wrapper/export/design_1_wrapper/hw/design_1_wrapper.xsa'.
18:05:16 INFO  : 'configparams force-mem-access 1' command is executed.
18:05:16 INFO  : Context for 'APU' is selected.
18:05:16 INFO  : Sourcing of '/home/computer/vivado/Part_4/LED_CON/_ide/psinit/ps7_init.tcl' is done.
18:05:17 INFO  : 'ps7_init' command is executed.
18:05:17 INFO  : 'ps7_post_config' command is executed.
18:05:17 INFO  : 'configparams force-mem-access 0' command is executed.
18:05:17 INFO  : ----------------XSDB Script----------------
connect -url tcp:127.0.0.1:3121
targets -set -nocase -filter {name =~"APU*"}
rst -system
after 3000
targets -set -filter {jtag_cable_name =~ "Digilent Zybo Z7 210351B3FCEDA" && level==0 && jtag_device_ctx=="jsn-Zybo Z7-210351B3FCEDA-13722093-0"}
fpga -file /home/computer/vivado/Part_4/LED_CON/_ide/bitstream/design_1_wrapper.bit
targets -set -nocase -filter {name =~"APU*"}
loadhw -hw /home/computer/vivado/Part_4/design_1_wrapper/export/design_1_wrapper/hw/design_1_wrapper.xsa -mem-ranges [list {0x40000000 0xbfffffff}] -regs
configparams force-mem-access 1
targets -set -nocase -filter {name =~"APU*"}
source /home/computer/vivado/Part_4/LED_CON/_ide/psinit/ps7_init.tcl
ps7_init
ps7_post_config
configparams force-mem-access 0
----------------End of Script----------------

18:05:17 INFO  : Disconnected from the channel tcfchan#2.
18:06:28 INFO  : Connected to target on host '127.0.0.1' and port '3121'.
18:06:28 INFO  : Jtag cable 'Digilent Zybo Z7 210351B3FCEDA' is selected.
18:06:28 INFO  : 'jtag frequency' command is executed.
18:06:28 INFO  : Context for 'APU' is selected.
18:06:28 INFO  : System reset is completed.
18:06:31 INFO  : 'after 3000' command is executed.
18:06:31 INFO  : 'targets -set -filter {jtag_cable_name =~ "Digilent Zybo Z7 210351B3FCEDA" && level==0 && jtag_device_ctx=="jsn-Zybo Z7-210351B3FCEDA-13722093-0"}' command is executed.
18:06:33 INFO  : Device configured successfully with "/home/computer/vivado/Part_4/LED_CON/_ide/bitstream/design_1_wrapper.bit"
18:06:33 INFO  : Context for 'APU' is selected.
18:06:33 INFO  : Hardware design and registers information is loaded from '/home/computer/vivado/Part_4/design_1_wrapper/export/design_1_wrapper/hw/design_1_wrapper.xsa'.
18:06:33 INFO  : 'configparams force-mem-access 1' command is executed.
18:06:33 INFO  : Context for 'APU' is selected.
18:06:33 INFO  : Sourcing of '/home/computer/vivado/Part_4/LED_CON/_ide/psinit/ps7_init.tcl' is done.
18:06:33 INFO  : 'ps7_init' command is executed.
18:06:33 INFO  : 'ps7_post_config' command is executed.
18:06:33 INFO  : 'configparams force-mem-access 0' command is executed.
18:06:33 INFO  : ----------------XSDB Script----------------
connect -url tcp:127.0.0.1:3121
targets -set -nocase -filter {name =~"APU*"}
rst -system
after 3000
targets -set -filter {jtag_cable_name =~ "Digilent Zybo Z7 210351B3FCEDA" && level==0 && jtag_device_ctx=="jsn-Zybo Z7-210351B3FCEDA-13722093-0"}
fpga -file /home/computer/vivado/Part_4/LED_CON/_ide/bitstream/design_1_wrapper.bit
targets -set -nocase -filter {name =~"APU*"}
loadhw -hw /home/computer/vivado/Part_4/design_1_wrapper/export/design_1_wrapper/hw/design_1_wrapper.xsa -mem-ranges [list {0x40000000 0xbfffffff}] -regs
configparams force-mem-access 1
targets -set -nocase -filter {name =~"APU*"}
source /home/computer/vivado/Part_4/LED_CON/_ide/psinit/ps7_init.tcl
ps7_init
ps7_post_config
configparams force-mem-access 0
----------------End of Script----------------

18:06:33 INFO  : Disconnected from the channel tcfchan#3.
18:06:54 INFO  : Connected to target on host '127.0.0.1' and port '3121'.
18:06:54 INFO  : Jtag cable 'Digilent Zybo Z7 210351B3FCEDA' is selected.
18:06:54 INFO  : 'jtag frequency' command is executed.
18:06:54 INFO  : Context for 'APU' is selected.
18:06:55 INFO  : System reset is completed.
18:06:58 INFO  : 'after 3000' command is executed.
18:06:58 INFO  : 'targets -set -filter {jtag_cable_name =~ "Digilent Zybo Z7 210351B3FCEDA" && level==0 && jtag_device_ctx=="jsn-Zybo Z7-210351B3FCEDA-13722093-0"}' command is executed.
18:06:59 INFO  : Device configured successfully with "/home/computer/vivado/Part_4/LED_CON/_ide/bitstream/design_1_wrapper.bit"
18:06:59 INFO  : Context for 'APU' is selected.
18:06:59 INFO  : Hardware design and registers information is loaded from '/home/computer/vivado/Part_4/design_1_wrapper/export/design_1_wrapper/hw/design_1_wrapper.xsa'.
18:06:59 INFO  : 'configparams force-mem-access 1' command is executed.
18:06:59 INFO  : Context for 'APU' is selected.
18:06:59 INFO  : Sourcing of '/home/computer/vivado/Part_4/LED_CON/_ide/psinit/ps7_init.tcl' is done.
18:06:59 INFO  : 'ps7_init' command is executed.
18:06:59 INFO  : 'ps7_post_config' command is executed.
18:06:59 INFO  : 'configparams force-mem-access 0' command is executed.
18:06:59 INFO  : ----------------XSDB Script----------------
connect -url tcp:127.0.0.1:3121
targets -set -nocase -filter {name =~"APU*"}
rst -system
after 3000
targets -set -filter {jtag_cable_name =~ "Digilent Zybo Z7 210351B3FCEDA" && level==0 && jtag_device_ctx=="jsn-Zybo Z7-210351B3FCEDA-13722093-0"}
fpga -file /home/computer/vivado/Part_4/LED_CON/_ide/bitstream/design_1_wrapper.bit
targets -set -nocase -filter {name =~"APU*"}
loadhw -hw /home/computer/vivado/Part_4/design_1_wrapper/export/design_1_wrapper/hw/design_1_wrapper.xsa -mem-ranges [list {0x40000000 0xbfffffff}] -regs
configparams force-mem-access 1
targets -set -nocase -filter {name =~"APU*"}
source /home/computer/vivado/Part_4/LED_CON/_ide/psinit/ps7_init.tcl
ps7_init
ps7_post_config
configparams force-mem-access 0
----------------End of Script----------------

18:06:59 INFO  : Disconnected from the channel tcfchan#4.
18:07:18 INFO  : Result from executing command 'removePlatformRepo': 
18:07:44 INFO  : Result from executing command 'getProjects': design_1_wrapper
18:07:44 INFO  : Result from executing command 'getPlatforms': 
18:07:47 INFO  : Checking for BSP changes to sync application flags for project 'LED_CON'...
18:09:55 INFO  : Checking for BSP changes to sync application flags for project 'LED_CON'...
18:10:37 INFO  : Checking for BSP changes to sync application flags for project 'LED_CON'...
18:11:14 INFO  : Result from executing command 'removePlatformRepo': 
18:11:38 INFO  : Result from executing command 'getProjects': design_1_wrapper
18:11:38 INFO  : Result from executing command 'getPlatforms': 
18:11:41 INFO  : Checking for BSP changes to sync application flags for project 'LED_CON'...
18:12:09 INFO  : Connected to target on host '127.0.0.1' and port '3121'.
18:12:10 INFO  : 'targets -set -filter {jtag_cable_name =~ "Digilent Zybo Z7 210351B3FCEDA" && level==0 && jtag_device_ctx=="jsn-Zybo Z7-210351B3FCEDA-13722093-0"}' command is executed.
18:12:11 INFO  : Device configured successfully with "/home/computer/vivado/Part_4/LED_CON/_ide/bitstream/design_1_wrapper.bit"
18:12:34 INFO  : Connected to target on host '127.0.0.1' and port '3121'.
18:12:43 INFO  : ----------------XSDB Script----------------
connect -url tcp:127.0.0.1:3121
----------------End of Script----------------

18:12:43 ERROR : Could not find ARM device on the board for connection 'Local'.
Check if the target is in:
1. Split JTAG - No operations are possible with ARM DAP.
2. Non JTAG bootmode - Bootrom may need time to enable DAP.
Please try again.


Troubleshooting hints:
1. Check whether board is connected to system properly.
2. In case of zynq board, check whether Digilent/Xilinx cable switch settings are correct.
3. If you are using Xilinx Platform Cable USB, ensure that status LED is green.
18:12:58 INFO  : Connected to target on host '127.0.0.1' and port '3121'.
18:13:07 INFO  : ----------------XSDB Script----------------
connect -url tcp:127.0.0.1:3121
----------------End of Script----------------

18:13:07 ERROR : Could not find ARM device on the board for connection 'Local'.
Check if the target is in:
1. Split JTAG - No operations are possible with ARM DAP.
2. Non JTAG bootmode - Bootrom may need time to enable DAP.
Please try again.


Troubleshooting hints:
1. Check whether board is connected to system properly.
2. In case of zynq board, check whether Digilent/Xilinx cable switch settings are correct.
3. If you are using Xilinx Platform Cable USB, ensure that status LED is green.
18:13:55 INFO  : Connected to target on host '127.0.0.1' and port '3121'.
18:14:23 INFO  : Connected to target on host '127.0.0.1' and port '3121'.
18:15:23 INFO  : Connected to target on host '127.0.0.1' and port '3121'.
18:15:23 INFO  : 'targets -set -filter {jtag_cable_name =~ "Digilent Zybo Z7 210351B3FCEDA" && level==0 && jtag_device_ctx=="jsn-Zybo Z7-210351B3FCEDA-13722093-0"}' command is executed.
18:15:24 INFO  : Device configured successfully with "/home/computer/vivado/Part_4/LED_CON/_ide/bitstream/design_1_wrapper.bit"
18:15:34 INFO  : Connected to target on host '127.0.0.1' and port '3121'.
18:15:35 INFO  : Jtag cable 'Digilent Zybo Z7 210351B3FCEDA' is selected.
18:15:35 INFO  : 'jtag frequency' command is executed.
18:15:35 INFO  : Context for 'APU' is selected.
18:15:35 INFO  : System reset is completed.
18:15:38 INFO  : 'after 3000' command is executed.
18:15:38 INFO  : 'targets -set -filter {jtag_cable_name =~ "Digilent Zybo Z7 210351B3FCEDA" && level==0 && jtag_device_ctx=="jsn-Zybo Z7-210351B3FCEDA-13722093-0"}' command is executed.
18:15:39 INFO  : Device configured successfully with "/home/computer/vivado/Part_4/LED_CON/_ide/bitstream/design_1_wrapper.bit"
18:15:39 INFO  : Context for 'APU' is selected.
18:15:39 INFO  : Hardware design and registers information is loaded from '/home/computer/vivado/Part_4/design_1_wrapper/export/design_1_wrapper/hw/design_1_wrapper.xsa'.
18:15:39 INFO  : 'configparams force-mem-access 1' command is executed.
18:15:39 INFO  : Context for 'APU' is selected.
18:15:39 INFO  : Sourcing of '/home/computer/vivado/Part_4/LED_CON/_ide/psinit/ps7_init.tcl' is done.
18:15:39 INFO  : 'ps7_init' command is executed.
18:15:39 INFO  : 'ps7_post_config' command is executed.
18:15:39 INFO  : Context for processor 'ps7_cortexa9_0' is selected.
18:15:39 INFO  : The application '/home/computer/vivado/Part_4/LED_CON/Debug/LED_CON.elf' is downloaded to processor 'ps7_cortexa9_0'.
18:15:40 INFO  : 'configparams force-mem-access 0' command is executed.
18:15:40 INFO  : ----------------XSDB Script----------------
connect -url tcp:127.0.0.1:3121
targets -set -nocase -filter {name =~"APU*"}
rst -system
after 3000
targets -set -filter {jtag_cable_name =~ "Digilent Zybo Z7 210351B3FCEDA" && level==0 && jtag_device_ctx=="jsn-Zybo Z7-210351B3FCEDA-13722093-0"}
fpga -file /home/computer/vivado/Part_4/LED_CON/_ide/bitstream/design_1_wrapper.bit
targets -set -nocase -filter {name =~"APU*"}
loadhw -hw /home/computer/vivado/Part_4/design_1_wrapper/export/design_1_wrapper/hw/design_1_wrapper.xsa -mem-ranges [list {0x40000000 0xbfffffff}] -regs
configparams force-mem-access 1
targets -set -nocase -filter {name =~"APU*"}
source /home/computer/vivado/Part_4/LED_CON/_ide/psinit/ps7_init.tcl
ps7_init
ps7_post_config
targets -set -nocase -filter {name =~ "*A9*#0"}
dow /home/computer/vivado/Part_4/LED_CON/Debug/LED_CON.elf
configparams force-mem-access 0
----------------End of Script----------------

18:15:40 INFO  : Context for processor 'ps7_cortexa9_0' is selected.
18:15:40 INFO  : 'con' command is executed.
18:15:40 INFO  : ----------------XSDB Script (After Launch)----------------
targets -set -nocase -filter {name =~ "*A9*#0"}
con
----------------End of Script----------------

18:15:40 INFO  : Disconnected from the channel tcfchan#10.
18:15:52 INFO  : Connected to target on host '127.0.0.1' and port '3121'.
18:15:53 INFO  : Jtag cable 'Digilent Zybo Z7 210351B3FCEDA' is selected.
18:15:53 INFO  : 'jtag frequency' command is executed.
18:15:53 INFO  : Context for 'APU' is selected.
18:15:53 INFO  : System reset is completed.
18:15:56 INFO  : 'after 3000' command is executed.
18:15:56 INFO  : 'targets -set -filter {jtag_cable_name =~ "Digilent Zybo Z7 210351B3FCEDA" && level==0 && jtag_device_ctx=="jsn-Zybo Z7-210351B3FCEDA-13722093-0"}' command is executed.
18:15:57 INFO  : Device configured successfully with "/home/computer/vivado/Part_4/LED_CON/_ide/bitstream/design_1_wrapper.bit"
18:15:57 INFO  : Context for 'APU' is selected.
18:15:57 INFO  : Hardware design and registers information is loaded from '/home/computer/vivado/Part_4/design_1_wrapper/export/design_1_wrapper/hw/design_1_wrapper.xsa'.
18:15:57 INFO  : 'configparams force-mem-access 1' command is executed.
18:15:57 INFO  : Context for 'APU' is selected.
18:15:57 INFO  : Sourcing of '/home/computer/vivado/Part_4/LED_CON/_ide/psinit/ps7_init.tcl' is done.
18:15:57 INFO  : 'ps7_init' command is executed.
18:15:57 INFO  : 'ps7_post_config' command is executed.
18:15:57 INFO  : Context for processor 'ps7_cortexa9_0' is selected.
18:15:57 INFO  : The application '/home/computer/vivado/Part_4/LED_CON/Debug/LED_CON.elf' is downloaded to processor 'ps7_cortexa9_0'.
18:15:57 INFO  : 'configparams force-mem-access 0' command is executed.
18:15:57 INFO  : ----------------XSDB Script----------------
connect -url tcp:127.0.0.1:3121
targets -set -nocase -filter {name =~"APU*"}
rst -system
after 3000
targets -set -filter {jtag_cable_name =~ "Digilent Zybo Z7 210351B3FCEDA" && level==0 && jtag_device_ctx=="jsn-Zybo Z7-210351B3FCEDA-13722093-0"}
fpga -file /home/computer/vivado/Part_4/LED_CON/_ide/bitstream/design_1_wrapper.bit
targets -set -nocase -filter {name =~"APU*"}
loadhw -hw /home/computer/vivado/Part_4/design_1_wrapper/export/design_1_wrapper/hw/design_1_wrapper.xsa -mem-ranges [list {0x40000000 0xbfffffff}] -regs
configparams force-mem-access 1
targets -set -nocase -filter {name =~"APU*"}
source /home/computer/vivado/Part_4/LED_CON/_ide/psinit/ps7_init.tcl
ps7_init
ps7_post_config
targets -set -nocase -filter {name =~ "*A9*#0"}
dow /home/computer/vivado/Part_4/LED_CON/Debug/LED_CON.elf
configparams force-mem-access 0
----------------End of Script----------------

18:15:58 INFO  : Context for processor 'ps7_cortexa9_0' is selected.
18:15:58 INFO  : 'con' command is executed.
18:15:58 INFO  : ----------------XSDB Script (After Launch)----------------
targets -set -nocase -filter {name =~ "*A9*#0"}
con
----------------End of Script----------------

18:15:58 INFO  : Disconnected from the channel tcfchan#11.
19:26:29 INFO  : Launching XSCT server: xsct.bat -n  -interactive C:\ECE520\Lab7\Part4\temp_xsdb_launch_script.tcl
19:26:35 INFO  : Platform repository initialization has completed.
19:26:45 INFO  : Registering command handlers for Vitis TCF services
19:27:02 INFO  : XSCT server has started successfully.
19:27:04 INFO  : plnx-install-location is set to ''
19:27:04 INFO  : Successfully done setting XSCT server connection channel  
19:28:37 INFO  : Successfully done setting workspace for the tool. 
19:28:47 INFO  : Successfully done query RDI_DATADIR 
19:30:44 INFO  : Result from executing command 'getProjects': design_1_wrapper
19:30:44 INFO  : Result from executing command 'getPlatforms': 
19:30:45 WARN  : An unexpected exception occurred in the module 'platform project logging'
19:30:46 INFO  : Platform 'design_1_wrapper' is added to custom repositories.
19:31:07 INFO  : Platform 'design_1_wrapper' is added to custom repositories.
19:37:44 INFO  : Result from executing command 'getProjects': design_1_wrapper
19:37:44 INFO  : Result from executing command 'getPlatforms': design_1_wrapper|C:/ECE520/Lab7/Part4/design_1_wrapper/export/design_1_wrapper/design_1_wrapper.xpfm
19:37:49 INFO  : Checking for BSP changes to sync application flags for project 'lab7_part4'...
19:38:14 INFO  : Connected to target on host '127.0.0.1' and port '3121'.
19:38:16 INFO  : Jtag cable 'Digilent Zybo Z7 210351B3FC7EA' is selected.
19:38:16 INFO  : 'jtag frequency' command is executed.
19:38:17 INFO  : Context for 'APU' is selected.
19:38:17 INFO  : System reset is completed.
19:38:20 INFO  : 'after 3000' command is executed.
19:38:20 INFO  : 'targets -set -filter {jtag_cable_name =~ "Digilent Zybo Z7 210351B3FC7EA" && level==0 && jtag_device_ctx=="jsn-Zybo Z7-210351B3FC7EA-13722093-0"}' command is executed.
19:38:23 INFO  : Device configured successfully with "C:/ECE520/Lab7/Part4/lab7_part4/_ide/bitstream/design_1_wrapper.bit"
19:38:23 INFO  : Context for 'APU' is selected.
19:38:23 INFO  : Hardware design and registers information is loaded from 'C:/ECE520/Lab7/Part4/design_1_wrapper/export/design_1_wrapper/hw/design_1_wrapper.xsa'.
19:38:23 INFO  : 'configparams force-mem-access 1' command is executed.
19:38:23 INFO  : Context for 'APU' is selected.
19:38:24 INFO  : Sourcing of 'C:/ECE520/Lab7/Part4/lab7_part4/_ide/psinit/ps7_init.tcl' is done.
19:38:29 INFO  : 'ps7_init' command is executed.
19:38:29 INFO  : 'ps7_post_config' command is executed.
19:38:29 INFO  : Context for processor 'ps7_cortexa9_0' is selected.
19:38:30 INFO  : The application 'C:/ECE520/Lab7/Part4/lab7_part4/Debug/lab7_part4.elf' is downloaded to processor 'ps7_cortexa9_0'.
19:38:31 INFO  : 'configparams force-mem-access 0' command is executed.
19:38:31 INFO  : ----------------XSDB Script----------------
connect -url tcp:127.0.0.1:3121
targets -set -nocase -filter {name =~"APU*"}
rst -system
after 3000
targets -set -filter {jtag_cable_name =~ "Digilent Zybo Z7 210351B3FC7EA" && level==0 && jtag_device_ctx=="jsn-Zybo Z7-210351B3FC7EA-13722093-0"}
fpga -file C:/ECE520/Lab7/Part4/lab7_part4/_ide/bitstream/design_1_wrapper.bit
targets -set -nocase -filter {name =~"APU*"}
loadhw -hw C:/ECE520/Lab7/Part4/design_1_wrapper/export/design_1_wrapper/hw/design_1_wrapper.xsa -mem-ranges [list {0x40000000 0xbfffffff}] -regs
configparams force-mem-access 1
targets -set -nocase -filter {name =~"APU*"}
source C:/ECE520/Lab7/Part4/lab7_part4/_ide/psinit/ps7_init.tcl
ps7_init
ps7_post_config
targets -set -nocase -filter {name =~ "*A9*#0"}
dow C:/ECE520/Lab7/Part4/lab7_part4/Debug/lab7_part4.elf
configparams force-mem-access 0
----------------End of Script----------------

19:38:31 INFO  : Context for processor 'ps7_cortexa9_0' is selected.
19:38:31 INFO  : 'con' command is executed.
19:38:31 INFO  : ----------------XSDB Script (After Launch)----------------
targets -set -nocase -filter {name =~ "*A9*#0"}
con
----------------End of Script----------------

19:38:31 INFO  : Disconnected from the channel tcfchan#2.
19:38:43 INFO  : Connected to target on host '127.0.0.1' and port '3121'.
19:38:43 INFO  : Jtag cable 'Digilent Zybo Z7 210351B3FC7EA' is selected.
19:38:43 INFO  : 'jtag frequency' command is executed.
19:38:43 INFO  : Context for 'APU' is selected.
19:38:43 INFO  : System reset is completed.
19:38:46 INFO  : 'after 3000' command is executed.
19:38:47 INFO  : 'targets -set -filter {jtag_cable_name =~ "Digilent Zybo Z7 210351B3FC7EA" && level==0 && jtag_device_ctx=="jsn-Zybo Z7-210351B3FC7EA-13722093-0"}' command is executed.
19:38:48 INFO  : Device configured successfully with "C:/ECE520/Lab7/Part4/lab7_part4/_ide/bitstream/design_1_wrapper.bit"
19:38:48 INFO  : Context for 'APU' is selected.
19:38:48 INFO  : Hardware design and registers information is loaded from 'C:/ECE520/Lab7/Part4/design_1_wrapper/export/design_1_wrapper/hw/design_1_wrapper.xsa'.
19:38:48 INFO  : 'configparams force-mem-access 1' command is executed.
19:38:48 INFO  : Context for 'APU' is selected.
19:38:48 INFO  : Sourcing of 'C:/ECE520/Lab7/Part4/lab7_part4/_ide/psinit/ps7_init.tcl' is done.
19:38:52 INFO  : 'ps7_init' command is executed.
19:38:53 INFO  : 'ps7_post_config' command is executed.
19:38:53 INFO  : Context for processor 'ps7_cortexa9_0' is selected.
19:38:53 INFO  : The application 'C:/ECE520/Lab7/Part4/lab7_part4/Debug/lab7_part4.elf' is downloaded to processor 'ps7_cortexa9_0'.
19:38:54 INFO  : 'configparams force-mem-access 0' command is executed.
19:38:54 INFO  : ----------------XSDB Script----------------
connect -url tcp:127.0.0.1:3121
targets -set -nocase -filter {name =~"APU*"}
rst -system
after 3000
targets -set -filter {jtag_cable_name =~ "Digilent Zybo Z7 210351B3FC7EA" && level==0 && jtag_device_ctx=="jsn-Zybo Z7-210351B3FC7EA-13722093-0"}
fpga -file C:/ECE520/Lab7/Part4/lab7_part4/_ide/bitstream/design_1_wrapper.bit
targets -set -nocase -filter {name =~"APU*"}
loadhw -hw C:/ECE520/Lab7/Part4/design_1_wrapper/export/design_1_wrapper/hw/design_1_wrapper.xsa -mem-ranges [list {0x40000000 0xbfffffff}] -regs
configparams force-mem-access 1
targets -set -nocase -filter {name =~"APU*"}
source C:/ECE520/Lab7/Part4/lab7_part4/_ide/psinit/ps7_init.tcl
ps7_init
ps7_post_config
targets -set -nocase -filter {name =~ "*A9*#0"}
dow C:/ECE520/Lab7/Part4/lab7_part4/Debug/lab7_part4.elf
configparams force-mem-access 0
----------------End of Script----------------

19:38:54 INFO  : Context for processor 'ps7_cortexa9_0' is selected.
19:38:54 INFO  : 'con' command is executed.
19:38:54 INFO  : ----------------XSDB Script (After Launch)----------------
targets -set -nocase -filter {name =~ "*A9*#0"}
con
----------------End of Script----------------

19:38:54 INFO  : Disconnected from the channel tcfchan#3.
19:52:12 INFO  : Connected to target on host '127.0.0.1' and port '3121'.
19:52:12 INFO  : Jtag cable 'Digilent Zybo Z7 210351B3FC7EA' is selected.
19:52:12 INFO  : 'jtag frequency' command is executed.
19:52:12 INFO  : Context for 'APU' is selected.
19:52:12 INFO  : System reset is completed.
19:52:15 INFO  : 'after 3000' command is executed.
19:52:16 INFO  : 'targets -set -filter {jtag_cable_name =~ "Digilent Zybo Z7 210351B3FC7EA" && level==0 && jtag_device_ctx=="jsn-Zybo Z7-210351B3FC7EA-13722093-0"}' command is executed.
19:52:17 INFO  : Device configured successfully with "C:/ECE520/Lab7/Part4/lab7_part4/_ide/bitstream/design_1_wrapper.bit"
19:52:17 INFO  : Context for 'APU' is selected.
19:52:17 INFO  : Hardware design and registers information is loaded from 'C:/ECE520/Lab7/Part4/design_1_wrapper/export/design_1_wrapper/hw/design_1_wrapper.xsa'.
19:52:17 INFO  : 'configparams force-mem-access 1' command is executed.
19:52:17 INFO  : Context for 'APU' is selected.
19:52:17 INFO  : Sourcing of 'C:/ECE520/Lab7/Part4/lab7_part4/_ide/psinit/ps7_init.tcl' is done.
19:52:21 INFO  : 'ps7_init' command is executed.
19:52:21 INFO  : 'ps7_post_config' command is executed.
19:52:21 INFO  : Context for processor 'ps7_cortexa9_0' is selected.
19:52:22 INFO  : The application 'C:/ECE520/Lab7/Part4/lab7_part4/Debug/lab7_part4.elf' is downloaded to processor 'ps7_cortexa9_0'.
19:52:23 INFO  : 'configparams force-mem-access 0' command is executed.
19:52:23 INFO  : ----------------XSDB Script----------------
connect -url tcp:127.0.0.1:3121
targets -set -nocase -filter {name =~"APU*"}
rst -system
after 3000
targets -set -filter {jtag_cable_name =~ "Digilent Zybo Z7 210351B3FC7EA" && level==0 && jtag_device_ctx=="jsn-Zybo Z7-210351B3FC7EA-13722093-0"}
fpga -file C:/ECE520/Lab7/Part4/lab7_part4/_ide/bitstream/design_1_wrapper.bit
targets -set -nocase -filter {name =~"APU*"}
loadhw -hw C:/ECE520/Lab7/Part4/design_1_wrapper/export/design_1_wrapper/hw/design_1_wrapper.xsa -mem-ranges [list {0x40000000 0xbfffffff}] -regs
configparams force-mem-access 1
targets -set -nocase -filter {name =~"APU*"}
source C:/ECE520/Lab7/Part4/lab7_part4/_ide/psinit/ps7_init.tcl
ps7_init
ps7_post_config
targets -set -nocase -filter {name =~ "*A9*#0"}
dow C:/ECE520/Lab7/Part4/lab7_part4/Debug/lab7_part4.elf
configparams force-mem-access 0
----------------End of Script----------------

19:52:23 INFO  : Context for processor 'ps7_cortexa9_0' is selected.
19:52:23 INFO  : 'con' command is executed.
19:52:23 INFO  : ----------------XSDB Script (After Launch)----------------
targets -set -nocase -filter {name =~ "*A9*#0"}
con
----------------End of Script----------------

19:52:23 INFO  : Disconnected from the channel tcfchan#4.
19:52:39 INFO  : Checking for BSP changes to sync application flags for project 'lab7_part4'...
19:52:45 INFO  : Connected to target on host '127.0.0.1' and port '3121'.
19:52:45 INFO  : Jtag cable 'Digilent Zybo Z7 210351B3FC7EA' is selected.
19:52:45 INFO  : 'jtag frequency' command is executed.
19:52:45 INFO  : Context for 'APU' is selected.
19:52:45 INFO  : System reset is completed.
19:52:48 INFO  : 'after 3000' command is executed.
19:52:48 INFO  : 'targets -set -filter {jtag_cable_name =~ "Digilent Zybo Z7 210351B3FC7EA" && level==0 && jtag_device_ctx=="jsn-Zybo Z7-210351B3FC7EA-13722093-0"}' command is executed.
19:52:49 INFO  : Device configured successfully with "C:/ECE520/Lab7/Part4/lab7_part4/_ide/bitstream/design_1_wrapper.bit"
19:52:49 INFO  : Context for 'APU' is selected.
19:52:50 INFO  : Hardware design and registers information is loaded from 'C:/ECE520/Lab7/Part4/design_1_wrapper/export/design_1_wrapper/hw/design_1_wrapper.xsa'.
19:52:50 INFO  : 'configparams force-mem-access 1' command is executed.
19:52:50 INFO  : Context for 'APU' is selected.
19:52:50 INFO  : Sourcing of 'C:/ECE520/Lab7/Part4/lab7_part4/_ide/psinit/ps7_init.tcl' is done.
19:52:53 INFO  : 'ps7_init' command is executed.
19:52:53 INFO  : 'ps7_post_config' command is executed.
19:52:53 INFO  : Context for processor 'ps7_cortexa9_0' is selected.
19:52:54 INFO  : The application 'C:/ECE520/Lab7/Part4/lab7_part4/Debug/lab7_part4.elf' is downloaded to processor 'ps7_cortexa9_0'.
19:52:55 INFO  : 'configparams force-mem-access 0' command is executed.
19:52:55 INFO  : ----------------XSDB Script----------------
connect -url tcp:127.0.0.1:3121
targets -set -nocase -filter {name =~"APU*"}
rst -system
after 3000
targets -set -filter {jtag_cable_name =~ "Digilent Zybo Z7 210351B3FC7EA" && level==0 && jtag_device_ctx=="jsn-Zybo Z7-210351B3FC7EA-13722093-0"}
fpga -file C:/ECE520/Lab7/Part4/lab7_part4/_ide/bitstream/design_1_wrapper.bit
targets -set -nocase -filter {name =~"APU*"}
loadhw -hw C:/ECE520/Lab7/Part4/design_1_wrapper/export/design_1_wrapper/hw/design_1_wrapper.xsa -mem-ranges [list {0x40000000 0xbfffffff}] -regs
configparams force-mem-access 1
targets -set -nocase -filter {name =~"APU*"}
source C:/ECE520/Lab7/Part4/lab7_part4/_ide/psinit/ps7_init.tcl
ps7_init
ps7_post_config
targets -set -nocase -filter {name =~ "*A9*#0"}
dow C:/ECE520/Lab7/Part4/lab7_part4/Debug/lab7_part4.elf
configparams force-mem-access 0
----------------End of Script----------------

19:52:55 INFO  : Context for processor 'ps7_cortexa9_0' is selected.
19:52:55 INFO  : 'con' command is executed.
19:52:55 INFO  : ----------------XSDB Script (After Launch)----------------
targets -set -nocase -filter {name =~ "*A9*#0"}
con
----------------End of Script----------------

19:52:55 INFO  : Disconnected from the channel tcfchan#5.
19:55:08 INFO  : Checking for BSP changes to sync application flags for project 'lab7_part4'...
19:55:13 INFO  : Connected to target on host '127.0.0.1' and port '3121'.
19:55:13 INFO  : Jtag cable 'Digilent Zybo Z7 210351B3FC7EA' is selected.
19:55:13 INFO  : 'jtag frequency' command is executed.
19:55:13 INFO  : Context for 'APU' is selected.
19:55:13 INFO  : System reset is completed.
19:55:16 INFO  : 'after 3000' command is executed.
19:55:16 INFO  : 'targets -set -filter {jtag_cable_name =~ "Digilent Zybo Z7 210351B3FC7EA" && level==0 && jtag_device_ctx=="jsn-Zybo Z7-210351B3FC7EA-13722093-0"}' command is executed.
19:55:17 INFO  : Device configured successfully with "C:/ECE520/Lab7/Part4/lab7_part4/_ide/bitstream/design_1_wrapper.bit"
19:55:18 INFO  : Context for 'APU' is selected.
19:55:18 INFO  : Hardware design and registers information is loaded from 'C:/ECE520/Lab7/Part4/design_1_wrapper/export/design_1_wrapper/hw/design_1_wrapper.xsa'.
19:55:18 INFO  : 'configparams force-mem-access 1' command is executed.
19:55:18 INFO  : Context for 'APU' is selected.
19:55:18 INFO  : Sourcing of 'C:/ECE520/Lab7/Part4/lab7_part4/_ide/psinit/ps7_init.tcl' is done.
19:55:20 INFO  : 'ps7_init' command is executed.
19:55:21 INFO  : 'ps7_post_config' command is executed.
19:55:21 INFO  : Context for processor 'ps7_cortexa9_0' is selected.
19:55:22 INFO  : The application 'C:/ECE520/Lab7/Part4/lab7_part4/Debug/lab7_part4.elf' is downloaded to processor 'ps7_cortexa9_0'.
19:55:22 INFO  : 'configparams force-mem-access 0' command is executed.
19:55:22 INFO  : ----------------XSDB Script----------------
connect -url tcp:127.0.0.1:3121
targets -set -nocase -filter {name =~"APU*"}
rst -system
after 3000
targets -set -filter {jtag_cable_name =~ "Digilent Zybo Z7 210351B3FC7EA" && level==0 && jtag_device_ctx=="jsn-Zybo Z7-210351B3FC7EA-13722093-0"}
fpga -file C:/ECE520/Lab7/Part4/lab7_part4/_ide/bitstream/design_1_wrapper.bit
targets -set -nocase -filter {name =~"APU*"}
loadhw -hw C:/ECE520/Lab7/Part4/design_1_wrapper/export/design_1_wrapper/hw/design_1_wrapper.xsa -mem-ranges [list {0x40000000 0xbfffffff}] -regs
configparams force-mem-access 1
targets -set -nocase -filter {name =~"APU*"}
source C:/ECE520/Lab7/Part4/lab7_part4/_ide/psinit/ps7_init.tcl
ps7_init
ps7_post_config
targets -set -nocase -filter {name =~ "*A9*#0"}
dow C:/ECE520/Lab7/Part4/lab7_part4/Debug/lab7_part4.elf
configparams force-mem-access 0
----------------End of Script----------------

19:55:23 INFO  : Context for processor 'ps7_cortexa9_0' is selected.
19:55:23 INFO  : 'con' command is executed.
19:55:23 INFO  : ----------------XSDB Script (After Launch)----------------
targets -set -nocase -filter {name =~ "*A9*#0"}
con
----------------End of Script----------------

19:55:23 INFO  : Disconnected from the channel tcfchan#6.
19:55:53 INFO  : Checking for BSP changes to sync application flags for project 'lab7_part4'...
19:55:57 INFO  : Connected to target on host '127.0.0.1' and port '3121'.
19:55:57 INFO  : Jtag cable 'Digilent Zybo Z7 210351B3FC7EA' is selected.
19:55:57 INFO  : 'jtag frequency' command is executed.
19:55:57 INFO  : Context for 'APU' is selected.
19:55:58 INFO  : System reset is completed.
19:56:01 INFO  : 'after 3000' command is executed.
19:56:01 INFO  : 'targets -set -filter {jtag_cable_name =~ "Digilent Zybo Z7 210351B3FC7EA" && level==0 && jtag_device_ctx=="jsn-Zybo Z7-210351B3FC7EA-13722093-0"}' command is executed.
19:56:02 INFO  : Device configured successfully with "C:/ECE520/Lab7/Part4/lab7_part4/_ide/bitstream/design_1_wrapper.bit"
19:56:02 INFO  : Context for 'APU' is selected.
19:56:03 INFO  : Hardware design and registers information is loaded from 'C:/ECE520/Lab7/Part4/design_1_wrapper/export/design_1_wrapper/hw/design_1_wrapper.xsa'.
19:56:03 INFO  : 'configparams force-mem-access 1' command is executed.
19:56:03 INFO  : Context for 'APU' is selected.
19:56:03 INFO  : Sourcing of 'C:/ECE520/Lab7/Part4/lab7_part4/_ide/psinit/ps7_init.tcl' is done.
19:56:06 INFO  : 'ps7_init' command is executed.
19:56:06 INFO  : 'ps7_post_config' command is executed.
19:56:06 INFO  : Context for processor 'ps7_cortexa9_0' is selected.
19:56:08 INFO  : The application 'C:/ECE520/Lab7/Part4/lab7_part4/Debug/lab7_part4.elf' is downloaded to processor 'ps7_cortexa9_0'.
19:56:08 INFO  : 'configparams force-mem-access 0' command is executed.
19:56:08 INFO  : ----------------XSDB Script----------------
connect -url tcp:127.0.0.1:3121
targets -set -nocase -filter {name =~"APU*"}
rst -system
after 3000
targets -set -filter {jtag_cable_name =~ "Digilent Zybo Z7 210351B3FC7EA" && level==0 && jtag_device_ctx=="jsn-Zybo Z7-210351B3FC7EA-13722093-0"}
fpga -file C:/ECE520/Lab7/Part4/lab7_part4/_ide/bitstream/design_1_wrapper.bit
targets -set -nocase -filter {name =~"APU*"}
loadhw -hw C:/ECE520/Lab7/Part4/design_1_wrapper/export/design_1_wrapper/hw/design_1_wrapper.xsa -mem-ranges [list {0x40000000 0xbfffffff}] -regs
configparams force-mem-access 1
targets -set -nocase -filter {name =~"APU*"}
source C:/ECE520/Lab7/Part4/lab7_part4/_ide/psinit/ps7_init.tcl
ps7_init
ps7_post_config
targets -set -nocase -filter {name =~ "*A9*#0"}
dow C:/ECE520/Lab7/Part4/lab7_part4/Debug/lab7_part4.elf
configparams force-mem-access 0
----------------End of Script----------------

19:56:08 INFO  : Context for processor 'ps7_cortexa9_0' is selected.
19:56:09 INFO  : 'con' command is executed.
19:56:09 INFO  : ----------------XSDB Script (After Launch)----------------
targets -set -nocase -filter {name =~ "*A9*#0"}
con
----------------End of Script----------------

19:56:09 INFO  : Disconnected from the channel tcfchan#7.
19:56:44 INFO  : Checking for BSP changes to sync application flags for project 'lab7_part4'...
19:56:47 INFO  : Connected to target on host '127.0.0.1' and port '3121'.
19:56:48 INFO  : Jtag cable 'Digilent Zybo Z7 210351B3FC7EA' is selected.
19:56:48 INFO  : 'jtag frequency' command is executed.
19:56:48 INFO  : Context for 'APU' is selected.
19:56:48 INFO  : System reset is completed.
19:56:51 INFO  : 'after 3000' command is executed.
19:56:51 INFO  : 'targets -set -filter {jtag_cable_name =~ "Digilent Zybo Z7 210351B3FC7EA" && level==0 && jtag_device_ctx=="jsn-Zybo Z7-210351B3FC7EA-13722093-0"}' command is executed.
19:56:52 INFO  : Device configured successfully with "C:/ECE520/Lab7/Part4/lab7_part4/_ide/bitstream/design_1_wrapper.bit"
19:56:52 INFO  : Context for 'APU' is selected.
19:56:52 INFO  : Hardware design and registers information is loaded from 'C:/ECE520/Lab7/Part4/design_1_wrapper/export/design_1_wrapper/hw/design_1_wrapper.xsa'.
19:56:52 INFO  : 'configparams force-mem-access 1' command is executed.
19:56:52 INFO  : Context for 'APU' is selected.
19:56:52 INFO  : Sourcing of 'C:/ECE520/Lab7/Part4/lab7_part4/_ide/psinit/ps7_init.tcl' is done.
19:56:56 INFO  : 'ps7_init' command is executed.
19:56:56 INFO  : 'ps7_post_config' command is executed.
19:56:57 INFO  : Context for processor 'ps7_cortexa9_0' is selected.
19:56:58 INFO  : The application 'C:/ECE520/Lab7/Part4/lab7_part4/Debug/lab7_part4.elf' is downloaded to processor 'ps7_cortexa9_0'.
19:56:58 INFO  : 'configparams force-mem-access 0' command is executed.
19:56:58 INFO  : ----------------XSDB Script----------------
connect -url tcp:127.0.0.1:3121
targets -set -nocase -filter {name =~"APU*"}
rst -system
after 3000
targets -set -filter {jtag_cable_name =~ "Digilent Zybo Z7 210351B3FC7EA" && level==0 && jtag_device_ctx=="jsn-Zybo Z7-210351B3FC7EA-13722093-0"}
fpga -file C:/ECE520/Lab7/Part4/lab7_part4/_ide/bitstream/design_1_wrapper.bit
targets -set -nocase -filter {name =~"APU*"}
loadhw -hw C:/ECE520/Lab7/Part4/design_1_wrapper/export/design_1_wrapper/hw/design_1_wrapper.xsa -mem-ranges [list {0x40000000 0xbfffffff}] -regs
configparams force-mem-access 1
targets -set -nocase -filter {name =~"APU*"}
source C:/ECE520/Lab7/Part4/lab7_part4/_ide/psinit/ps7_init.tcl
ps7_init
ps7_post_config
targets -set -nocase -filter {name =~ "*A9*#0"}
dow C:/ECE520/Lab7/Part4/lab7_part4/Debug/lab7_part4.elf
configparams force-mem-access 0
----------------End of Script----------------

19:56:58 INFO  : Context for processor 'ps7_cortexa9_0' is selected.
19:56:59 INFO  : 'con' command is executed.
19:56:59 INFO  : ----------------XSDB Script (After Launch)----------------
targets -set -nocase -filter {name =~ "*A9*#0"}
con
----------------End of Script----------------

19:56:59 INFO  : Disconnected from the channel tcfchan#8.
19:57:22 INFO  : Checking for BSP changes to sync application flags for project 'lab7_part4'...
19:57:27 INFO  : Connected to target on host '127.0.0.1' and port '3121'.
19:57:27 INFO  : Jtag cable 'Digilent Zybo Z7 210351B3FC7EA' is selected.
19:57:27 INFO  : 'jtag frequency' command is executed.
19:57:27 INFO  : Context for 'APU' is selected.
19:57:27 INFO  : System reset is completed.
19:57:30 INFO  : 'after 3000' command is executed.
19:57:30 INFO  : 'targets -set -filter {jtag_cable_name =~ "Digilent Zybo Z7 210351B3FC7EA" && level==0 && jtag_device_ctx=="jsn-Zybo Z7-210351B3FC7EA-13722093-0"}' command is executed.
19:57:32 INFO  : Device configured successfully with "C:/ECE520/Lab7/Part4/lab7_part4/_ide/bitstream/design_1_wrapper.bit"
19:57:32 INFO  : Context for 'APU' is selected.
19:57:32 INFO  : Hardware design and registers information is loaded from 'C:/ECE520/Lab7/Part4/design_1_wrapper/export/design_1_wrapper/hw/design_1_wrapper.xsa'.
19:57:32 INFO  : 'configparams force-mem-access 1' command is executed.
19:57:32 INFO  : Context for 'APU' is selected.
19:57:32 INFO  : Sourcing of 'C:/ECE520/Lab7/Part4/lab7_part4/_ide/psinit/ps7_init.tcl' is done.
19:57:36 INFO  : 'ps7_init' command is executed.
19:57:36 INFO  : 'ps7_post_config' command is executed.
19:57:36 INFO  : Context for processor 'ps7_cortexa9_0' is selected.
19:57:37 INFO  : The application 'C:/ECE520/Lab7/Part4/lab7_part4/Debug/lab7_part4.elf' is downloaded to processor 'ps7_cortexa9_0'.
19:57:38 INFO  : 'configparams force-mem-access 0' command is executed.
19:57:38 INFO  : ----------------XSDB Script----------------
connect -url tcp:127.0.0.1:3121
targets -set -nocase -filter {name =~"APU*"}
rst -system
after 3000
targets -set -filter {jtag_cable_name =~ "Digilent Zybo Z7 210351B3FC7EA" && level==0 && jtag_device_ctx=="jsn-Zybo Z7-210351B3FC7EA-13722093-0"}
fpga -file C:/ECE520/Lab7/Part4/lab7_part4/_ide/bitstream/design_1_wrapper.bit
targets -set -nocase -filter {name =~"APU*"}
loadhw -hw C:/ECE520/Lab7/Part4/design_1_wrapper/export/design_1_wrapper/hw/design_1_wrapper.xsa -mem-ranges [list {0x40000000 0xbfffffff}] -regs
configparams force-mem-access 1
targets -set -nocase -filter {name =~"APU*"}
source C:/ECE520/Lab7/Part4/lab7_part4/_ide/psinit/ps7_init.tcl
ps7_init
ps7_post_config
targets -set -nocase -filter {name =~ "*A9*#0"}
dow C:/ECE520/Lab7/Part4/lab7_part4/Debug/lab7_part4.elf
configparams force-mem-access 0
----------------End of Script----------------

19:57:38 INFO  : Context for processor 'ps7_cortexa9_0' is selected.
19:57:38 INFO  : 'con' command is executed.
19:57:38 INFO  : ----------------XSDB Script (After Launch)----------------
targets -set -nocase -filter {name =~ "*A9*#0"}
con
----------------End of Script----------------

19:57:38 INFO  : Disconnected from the channel tcfchan#9.
19:58:11 INFO  : Connected to target on host '127.0.0.1' and port '3121'.
19:58:12 INFO  : Jtag cable 'Digilent Zybo Z7 210351B3FC7EA' is selected.
19:58:12 INFO  : 'jtag frequency' command is executed.
19:58:12 INFO  : Context for 'APU' is selected.
19:58:12 INFO  : System reset is completed.
19:58:15 INFO  : 'after 3000' command is executed.
19:58:15 INFO  : 'targets -set -filter {jtag_cable_name =~ "Digilent Zybo Z7 210351B3FC7EA" && level==0 && jtag_device_ctx=="jsn-Zybo Z7-210351B3FC7EA-13722093-0"}' command is executed.
19:58:16 INFO  : Device configured successfully with "C:/ECE520/Lab7/Part4/lab7_part4/_ide/bitstream/design_1_wrapper.bit"
19:58:16 INFO  : Context for 'APU' is selected.
19:58:17 INFO  : Hardware design and registers information is loaded from 'C:/ECE520/Lab7/Part4/design_1_wrapper/export/design_1_wrapper/hw/design_1_wrapper.xsa'.
19:58:17 INFO  : 'configparams force-mem-access 1' command is executed.
19:58:17 INFO  : Context for 'APU' is selected.
19:58:17 INFO  : Sourcing of 'C:/ECE520/Lab7/Part4/lab7_part4/_ide/psinit/ps7_init.tcl' is done.
19:58:21 INFO  : 'ps7_init' command is executed.
19:58:21 INFO  : 'ps7_post_config' command is executed.
19:58:21 INFO  : Context for processor 'ps7_cortexa9_0' is selected.
19:58:22 INFO  : The application 'C:/ECE520/Lab7/Part4/lab7_part4/Debug/lab7_part4.elf' is downloaded to processor 'ps7_cortexa9_0'.
19:58:22 INFO  : 'configparams force-mem-access 0' command is executed.
19:58:22 INFO  : ----------------XSDB Script----------------
connect -url tcp:127.0.0.1:3121
targets -set -nocase -filter {name =~"APU*"}
rst -system
after 3000
targets -set -filter {jtag_cable_name =~ "Digilent Zybo Z7 210351B3FC7EA" && level==0 && jtag_device_ctx=="jsn-Zybo Z7-210351B3FC7EA-13722093-0"}
fpga -file C:/ECE520/Lab7/Part4/lab7_part4/_ide/bitstream/design_1_wrapper.bit
targets -set -nocase -filter {name =~"APU*"}
loadhw -hw C:/ECE520/Lab7/Part4/design_1_wrapper/export/design_1_wrapper/hw/design_1_wrapper.xsa -mem-ranges [list {0x40000000 0xbfffffff}] -regs
configparams force-mem-access 1
targets -set -nocase -filter {name =~"APU*"}
source C:/ECE520/Lab7/Part4/lab7_part4/_ide/psinit/ps7_init.tcl
ps7_init
ps7_post_config
targets -set -nocase -filter {name =~ "*A9*#0"}
dow C:/ECE520/Lab7/Part4/lab7_part4/Debug/lab7_part4.elf
configparams force-mem-access 0
----------------End of Script----------------

19:58:23 INFO  : Context for processor 'ps7_cortexa9_0' is selected.
19:58:23 INFO  : 'con' command is executed.
19:58:23 INFO  : ----------------XSDB Script (After Launch)----------------
targets -set -nocase -filter {name =~ "*A9*#0"}
con
----------------End of Script----------------

19:58:23 INFO  : Disconnected from the channel tcfchan#10.
19:59:00 INFO  : Connected to target on host '127.0.0.1' and port '3121'.
19:59:01 INFO  : Jtag cable 'Digilent Zybo Z7 210351B3FC7EA' is selected.
19:59:01 INFO  : 'jtag frequency' command is executed.
19:59:01 INFO  : Context for 'APU' is selected.
19:59:01 INFO  : System reset is completed.
19:59:04 INFO  : 'after 3000' command is executed.
19:59:04 INFO  : 'targets -set -filter {jtag_cable_name =~ "Digilent Zybo Z7 210351B3FC7EA" && level==0 && jtag_device_ctx=="jsn-Zybo Z7-210351B3FC7EA-13722093-0"}' command is executed.
19:59:06 INFO  : Device configured successfully with "C:/ECE520/Lab7/Part4/lab7_part4/_ide/bitstream/design_1_wrapper.bit"
19:59:06 INFO  : Context for 'APU' is selected.
19:59:06 INFO  : Hardware design and registers information is loaded from 'C:/ECE520/Lab7/Part4/design_1_wrapper/export/design_1_wrapper/hw/design_1_wrapper.xsa'.
19:59:06 INFO  : 'configparams force-mem-access 1' command is executed.
19:59:06 INFO  : Context for 'APU' is selected.
19:59:06 INFO  : Sourcing of 'C:/ECE520/Lab7/Part4/lab7_part4/_ide/psinit/ps7_init.tcl' is done.
19:59:10 INFO  : 'ps7_init' command is executed.
19:59:10 INFO  : 'ps7_post_config' command is executed.
19:59:10 INFO  : Context for processor 'ps7_cortexa9_0' is selected.
19:59:10 INFO  : The application 'C:/ECE520/Lab7/Part4/lab7_part4/Debug/lab7_part4.elf' is downloaded to processor 'ps7_cortexa9_0'.
19:59:11 INFO  : 'configparams force-mem-access 0' command is executed.
19:59:11 INFO  : ----------------XSDB Script----------------
connect -url tcp:127.0.0.1:3121
targets -set -nocase -filter {name =~"APU*"}
rst -system
after 3000
targets -set -filter {jtag_cable_name =~ "Digilent Zybo Z7 210351B3FC7EA" && level==0 && jtag_device_ctx=="jsn-Zybo Z7-210351B3FC7EA-13722093-0"}
fpga -file C:/ECE520/Lab7/Part4/lab7_part4/_ide/bitstream/design_1_wrapper.bit
targets -set -nocase -filter {name =~"APU*"}
loadhw -hw C:/ECE520/Lab7/Part4/design_1_wrapper/export/design_1_wrapper/hw/design_1_wrapper.xsa -mem-ranges [list {0x40000000 0xbfffffff}] -regs
configparams force-mem-access 1
targets -set -nocase -filter {name =~"APU*"}
source C:/ECE520/Lab7/Part4/lab7_part4/_ide/psinit/ps7_init.tcl
ps7_init
ps7_post_config
targets -set -nocase -filter {name =~ "*A9*#0"}
dow C:/ECE520/Lab7/Part4/lab7_part4/Debug/lab7_part4.elf
configparams force-mem-access 0
----------------End of Script----------------

19:59:11 INFO  : Context for processor 'ps7_cortexa9_0' is selected.
19:59:11 INFO  : 'con' command is executed.
19:59:11 INFO  : ----------------XSDB Script (After Launch)----------------
targets -set -nocase -filter {name =~ "*A9*#0"}
con
----------------End of Script----------------

19:59:11 INFO  : Disconnected from the channel tcfchan#11.
19:59:48 INFO  : Connected to target on host '127.0.0.1' and port '3121'.
19:59:48 INFO  : Jtag cable 'Digilent Zybo Z7 210351B3FC7EA' is selected.
19:59:48 INFO  : 'jtag frequency' command is executed.
19:59:48 INFO  : Context for 'APU' is selected.
19:59:48 INFO  : System reset is completed.
19:59:51 INFO  : 'after 3000' command is executed.
19:59:52 INFO  : 'targets -set -filter {jtag_cable_name =~ "Digilent Zybo Z7 210351B3FC7EA" && level==0 && jtag_device_ctx=="jsn-Zybo Z7-210351B3FC7EA-13722093-0"}' command is executed.
19:59:53 INFO  : Device configured successfully with "C:/ECE520/Lab7/Part4/lab7_part4/_ide/bitstream/design_1_wrapper.bit"
19:59:53 INFO  : Context for 'APU' is selected.
19:59:54 INFO  : Hardware design and registers information is loaded from 'C:/ECE520/Lab7/Part4/design_1_wrapper/export/design_1_wrapper/hw/design_1_wrapper.xsa'.
19:59:54 INFO  : 'configparams force-mem-access 1' command is executed.
19:59:54 INFO  : Context for 'APU' is selected.
19:59:54 INFO  : Sourcing of 'C:/ECE520/Lab7/Part4/lab7_part4/_ide/psinit/ps7_init.tcl' is done.
19:59:58 INFO  : 'ps7_init' command is executed.
19:59:58 INFO  : 'ps7_post_config' command is executed.
19:59:58 INFO  : Context for processor 'ps7_cortexa9_0' is selected.
19:59:59 INFO  : The application 'C:/ECE520/Lab7/Part4/lab7_part4/Debug/lab7_part4.elf' is downloaded to processor 'ps7_cortexa9_0'.
20:00:00 INFO  : 'configparams force-mem-access 0' command is executed.
20:00:00 INFO  : ----------------XSDB Script----------------
connect -url tcp:127.0.0.1:3121
targets -set -nocase -filter {name =~"APU*"}
rst -system
after 3000
targets -set -filter {jtag_cable_name =~ "Digilent Zybo Z7 210351B3FC7EA" && level==0 && jtag_device_ctx=="jsn-Zybo Z7-210351B3FC7EA-13722093-0"}
fpga -file C:/ECE520/Lab7/Part4/lab7_part4/_ide/bitstream/design_1_wrapper.bit
targets -set -nocase -filter {name =~"APU*"}
loadhw -hw C:/ECE520/Lab7/Part4/design_1_wrapper/export/design_1_wrapper/hw/design_1_wrapper.xsa -mem-ranges [list {0x40000000 0xbfffffff}] -regs
configparams force-mem-access 1
targets -set -nocase -filter {name =~"APU*"}
source C:/ECE520/Lab7/Part4/lab7_part4/_ide/psinit/ps7_init.tcl
ps7_init
ps7_post_config
targets -set -nocase -filter {name =~ "*A9*#0"}
dow C:/ECE520/Lab7/Part4/lab7_part4/Debug/lab7_part4.elf
configparams force-mem-access 0
----------------End of Script----------------

20:00:00 INFO  : Context for processor 'ps7_cortexa9_0' is selected.
20:00:00 INFO  : 'con' command is executed.
20:00:00 INFO  : ----------------XSDB Script (After Launch)----------------
targets -set -nocase -filter {name =~ "*A9*#0"}
con
----------------End of Script----------------

20:00:00 INFO  : Disconnected from the channel tcfchan#12.
20:00:56 INFO  : Connected to target on host '127.0.0.1' and port '3121'.
20:00:56 INFO  : Jtag cable 'Digilent Zybo Z7 210351B3FC7EA' is selected.
20:00:56 INFO  : 'jtag frequency' command is executed.
20:00:56 INFO  : Context for 'APU' is selected.
20:00:56 INFO  : System reset is completed.
20:00:59 INFO  : 'after 3000' command is executed.
20:00:59 INFO  : 'targets -set -filter {jtag_cable_name =~ "Digilent Zybo Z7 210351B3FC7EA" && level==0 && jtag_device_ctx=="jsn-Zybo Z7-210351B3FC7EA-13722093-0"}' command is executed.
20:01:01 INFO  : Device configured successfully with "C:/ECE520/Lab7/Part4/lab7_part4/_ide/bitstream/design_1_wrapper.bit"
20:01:01 INFO  : Context for 'APU' is selected.
20:01:01 INFO  : Hardware design and registers information is loaded from 'C:/ECE520/Lab7/Part4/design_1_wrapper/export/design_1_wrapper/hw/design_1_wrapper.xsa'.
20:01:01 INFO  : 'configparams force-mem-access 1' command is executed.
20:01:01 INFO  : Context for 'APU' is selected.
20:01:01 INFO  : Sourcing of 'C:/ECE520/Lab7/Part4/lab7_part4/_ide/psinit/ps7_init.tcl' is done.
20:01:04 INFO  : 'ps7_init' command is executed.
20:01:04 INFO  : 'ps7_post_config' command is executed.
20:01:04 INFO  : Context for processor 'ps7_cortexa9_0' is selected.
20:01:05 INFO  : The application 'C:/ECE520/Lab7/Part4/lab7_part4/Debug/lab7_part4.elf' is downloaded to processor 'ps7_cortexa9_0'.
20:01:06 INFO  : 'configparams force-mem-access 0' command is executed.
20:01:06 INFO  : ----------------XSDB Script----------------
connect -url tcp:127.0.0.1:3121
targets -set -nocase -filter {name =~"APU*"}
rst -system
after 3000
targets -set -filter {jtag_cable_name =~ "Digilent Zybo Z7 210351B3FC7EA" && level==0 && jtag_device_ctx=="jsn-Zybo Z7-210351B3FC7EA-13722093-0"}
fpga -file C:/ECE520/Lab7/Part4/lab7_part4/_ide/bitstream/design_1_wrapper.bit
targets -set -nocase -filter {name =~"APU*"}
loadhw -hw C:/ECE520/Lab7/Part4/design_1_wrapper/export/design_1_wrapper/hw/design_1_wrapper.xsa -mem-ranges [list {0x40000000 0xbfffffff}] -regs
configparams force-mem-access 1
targets -set -nocase -filter {name =~"APU*"}
source C:/ECE520/Lab7/Part4/lab7_part4/_ide/psinit/ps7_init.tcl
ps7_init
ps7_post_config
targets -set -nocase -filter {name =~ "*A9*#0"}
dow C:/ECE520/Lab7/Part4/lab7_part4/Debug/lab7_part4.elf
configparams force-mem-access 0
----------------End of Script----------------

20:01:06 INFO  : Context for processor 'ps7_cortexa9_0' is selected.
20:01:06 INFO  : 'con' command is executed.
20:01:06 INFO  : ----------------XSDB Script (After Launch)----------------
targets -set -nocase -filter {name =~ "*A9*#0"}
con
----------------End of Script----------------

20:01:06 INFO  : Disconnected from the channel tcfchan#13.
